########################################
#          NAGIOS STATUS FILE
#
# THIS FILE IS AUTOMATICALLY GENERATED
# BY NAGIOS.  DO NOT MODIFY THIS FILE!
########################################

info {
	created=1488818922
	version=3.4.4
	last_update_check=0
	update_available=0
	last_version=
	new_version=
	}

programstatus {
	modified_host_attributes=0
	modified_service_attributes=0
	nagios_pid=5664
	daemon_mode=1
	program_start=1488803562
	last_command_check=1488818921
	last_log_rotation=0
	enable_notifications=1
	active_service_checks_enabled=1
	passive_service_checks_enabled=1
	active_host_checks_enabled=1
	passive_host_checks_enabled=1
	enable_event_handlers=1
	obsess_over_services=0
	obsess_over_hosts=0
	check_service_freshness=1
	check_host_freshness=0
	enable_flap_detection=0
	enable_failure_prediction=1
	process_performance_data=1
	global_host_event_handler=
	global_service_event_handler=
	next_comment_id=1
	next_downtime_id=1
	next_event_id=41
	next_problem_id=20
	next_notification_id=1
	total_external_command_buffer_slots=4096
	used_external_command_buffer_slots=0
	high_external_command_buffer_slots=0
	active_scheduled_host_check_stats=2,10,29
	active_ondemand_host_check_stats=0,0,0
	passive_host_check_stats=0,0,0
	active_scheduled_service_check_stats=9,44,133
	active_ondemand_service_check_stats=0,0,0
	passive_service_check_stats=0,0,0
	cached_host_check_stats=0,0,0
	cached_service_check_stats=0,0,0
	external_command_stats=0,0,0
	parallel_host_check_stats=2,10,29
	serial_host_check_stats=0,0,0
	}

hoststatus {
	host_name=_Module_Meta
	modified_attributes=0
	check_command=check_host_alive
	check_period=meta_timeperiod
	notification_period=meta_timeperiod
	check_interval=1.000000
	retry_interval=1.000000
	event_handler=
	has_been_checked=0
	should_be_scheduled=0
	check_execution_time=0.000
	check_latency=0.000
	check_type=0
	current_state=0
	last_hard_state=0
	last_event_id=0
	current_event_id=0
	current_problem_id=0
	last_problem_id=0
	plugin_output=
	long_plugin_output=
	performance_data=
	last_check=0
	next_check=0
	check_options=0
	current_attempt=1
	max_attempts=3
	state_type=1
	last_state_change=1488801987
	last_hard_state_change=1488801987
	last_time_up=0
	last_time_down=0
	last_time_unreachable=0
	last_notification=0
	next_notification=0
	no_more_notifications=0
	current_notification_number=0
	current_notification_id=0
	notifications_enabled=0
	problem_has_been_acknowledged=0
	acknowledgement_type=0
	active_checks_enabled=0
	passive_checks_enabled=0
	event_handler_enabled=1
	flap_detection_enabled=1
	failure_prediction_enabled=1
	process_performance_data=1
	obsess_over_host=1
	last_update=1488818922
	is_flapping=0
	percent_state_change=0.00
	scheduled_downtime_depth=0
	_HOST_ID=0;1391
	}

hoststatus {
	host_name=cmp-prod-server-01
	modified_attributes=0
	check_command=check_host_alive
	check_period=24x7
	notification_period=24x7
	check_interval=5.000000
	retry_interval=1.000000
	event_handler=
	has_been_checked=1
	should_be_scheduled=1
	check_execution_time=0.006
	check_latency=0.656
	check_type=0
	current_state=0
	last_hard_state=0
	last_event_id=0
	current_event_id=0
	current_problem_id=0
	last_problem_id=0
	plugin_output=PING OK - Packet loss = 0%, RTA = 0.08 ms
	long_plugin_output=
	performance_data=rta=0.079000ms;3000.000000;5000.000000;0.000000 pl=0%;80;100;0
	last_check=1488818812
	next_check=1488819117
	check_options=0
	current_attempt=1
	max_attempts=5
	state_type=1
	last_state_change=0
	last_hard_state_change=0
	last_time_up=1488818817
	last_time_down=0
	last_time_unreachable=0
	last_notification=0
	next_notification=0
	no_more_notifications=0
	current_notification_number=0
	current_notification_id=0
	notifications_enabled=1
	problem_has_been_acknowledged=0
	acknowledgement_type=0
	active_checks_enabled=1
	passive_checks_enabled=0
	event_handler_enabled=1
	flap_detection_enabled=1
	failure_prediction_enabled=1
	process_performance_data=1
	obsess_over_host=1
	last_update=1488818922
	is_flapping=0
	percent_state_change=0.00
	scheduled_downtime_depth=0
	_HOST_ID=0;227
	_SNMPCOMMUNITY=0;u3fr0I9b5
	}

hoststatus {
	host_name=disponibilidade_canopus_tim
	modified_attributes=0
	check_command=check_host_alive
	check_period=24x7
	notification_period=24x7
	check_interval=5.000000
	retry_interval=1.000000
	event_handler=
	has_been_checked=1
	should_be_scheduled=1
	check_execution_time=0.150
	check_latency=0.745
	check_type=0
	current_state=0
	last_hard_state=0
	last_event_id=0
	current_event_id=0
	current_problem_id=0
	last_problem_id=0
	plugin_output=PING OK - Packet loss = 0%, RTA = 138.93 ms
	long_plugin_output=
	performance_data=rta=138.929993ms;3000.000000;5000.000000;0.000000 pl=0%;80;100;0
	last_check=1488818842
	next_check=1488819147
	check_options=0
	current_attempt=1
	max_attempts=5
	state_type=1
	last_state_change=1488802064
	last_hard_state_change=1488802064
	last_time_up=1488818847
	last_time_down=0
	last_time_unreachable=0
	last_notification=0
	next_notification=0
	no_more_notifications=0
	current_notification_number=0
	current_notification_id=0
	notifications_enabled=0
	problem_has_been_acknowledged=0
	acknowledgement_type=0
	active_checks_enabled=1
	passive_checks_enabled=0
	event_handler_enabled=1
	flap_detection_enabled=1
	failure_prediction_enabled=1
	process_performance_data=1
	obsess_over_host=1
	last_update=1488818922
	is_flapping=0
	percent_state_change=0.00
	scheduled_downtime_depth=0
	_HOST_ID=0;2703
	}

hoststatus {
	host_name=disponibilidade_fundacao_emb
	modified_attributes=0
	check_command=check_host_alive
	check_period=24x7
	notification_period=24x7
	check_interval=5.000000
	retry_interval=1.000000
	event_handler=
	has_been_checked=1
	should_be_scheduled=1
	check_execution_time=0.156
	check_latency=0.887
	check_type=0
	current_state=0
	last_hard_state=0
	last_event_id=0
	current_event_id=0
	current_problem_id=0
	last_problem_id=0
	plugin_output=PING OK - Packet loss = 0%, RTA = 145.05 ms
	long_plugin_output=
	performance_data=rta=145.054993ms;3000.000000;5000.000000;0.000000 pl=0%;80;100;0
	last_check=1488818872
	next_check=1488819177
	check_options=0
	current_attempt=1
	max_attempts=5
	state_type=1
	last_state_change=1488801994
	last_hard_state_change=1488801994
	last_time_up=1488818877
	last_time_down=0
	last_time_unreachable=0
	last_notification=0
	next_notification=0
	no_more_notifications=0
	current_notification_number=0
	current_notification_id=0
	notifications_enabled=0
	problem_has_been_acknowledged=0
	acknowledgement_type=0
	active_checks_enabled=1
	passive_checks_enabled=0
	event_handler_enabled=1
	flap_detection_enabled=1
	failure_prediction_enabled=1
	process_performance_data=1
	obsess_over_host=1
	last_update=1488818922
	is_flapping=0
	percent_state_change=0.00
	scheduled_downtime_depth=0
	_HOST_ID=0;2701
	}

hoststatus {
	host_name=disponibilidade_fundacao_rnp
	modified_attributes=0
	check_command=check_host_alive
	check_period=24x7
	notification_period=24x7
	check_interval=5.000000
	retry_interval=1.000000
	event_handler=
	has_been_checked=1
	should_be_scheduled=1
	check_execution_time=0.119
	check_latency=0.960
	check_type=0
	current_state=0
	last_hard_state=0
	last_event_id=0
	current_event_id=0
	current_problem_id=0
	last_problem_id=0
	plugin_output=PING OK - Packet loss = 0%, RTA = 111.91 ms
	long_plugin_output=
	performance_data=rta=111.906998ms;3000.000000;5000.000000;0.000000 pl=0%;80;100;0
	last_check=1488818902
	next_check=1488819207
	check_options=0
	current_attempt=1
	max_attempts=5
	state_type=1
	last_state_change=1488802001
	last_hard_state_change=1488802001
	last_time_up=1488818907
	last_time_down=0
	last_time_unreachable=0
	last_notification=0
	next_notification=0
	no_more_notifications=0
	current_notification_number=0
	current_notification_id=0
	notifications_enabled=0
	problem_has_been_acknowledged=0
	acknowledgement_type=0
	active_checks_enabled=1
	passive_checks_enabled=0
	event_handler_enabled=1
	flap_detection_enabled=1
	failure_prediction_enabled=1
	process_performance_data=1
	obsess_over_host=1
	last_update=1488818922
	is_flapping=0
	percent_state_change=0.00
	scheduled_downtime_depth=0
	_HOST_ID=0;2702
	}

hoststatus {
	host_name=disponibilidade_nwavgma_net
	modified_attributes=0
	check_command=check_host_alive
	check_period=24x7
	notification_period=24x7
	check_interval=5.000000
	retry_interval=1.000000
	event_handler=
	has_been_checked=1
	should_be_scheduled=1
	check_execution_time=0.153
	check_latency=0.026
	check_type=0
	current_state=0
	last_hard_state=0
	last_event_id=0
	current_event_id=0
	current_problem_id=0
	last_problem_id=0
	plugin_output=PING OK - Packet loss = 0%, RTA = 144.47 ms
	long_plugin_output=
	performance_data=rta=144.470001ms;3000.000000;5000.000000;0.000000 pl=0%;80;100;0
	last_check=1488818627
	next_check=1488818932
	check_options=0
	current_attempt=1
	max_attempts=5
	state_type=1
	last_state_change=1488802008
	last_hard_state_change=1488802008
	last_time_up=1488818632
	last_time_down=0
	last_time_unreachable=0
	last_notification=0
	next_notification=0
	no_more_notifications=0
	current_notification_number=0
	current_notification_id=0
	notifications_enabled=0
	problem_has_been_acknowledged=0
	acknowledgement_type=0
	active_checks_enabled=1
	passive_checks_enabled=0
	event_handler_enabled=1
	flap_detection_enabled=1
	failure_prediction_enabled=1
	process_performance_data=1
	obsess_over_host=1
	last_update=1488818922
	is_flapping=0
	percent_state_change=0.00
	scheduled_downtime_depth=0
	_HOST_ID=0;2784
	}

hoststatus {
	host_name=disponibilidade_rebocadores_eqt
	modified_attributes=0
	check_command=check_host_alive
	check_period=24x7
	notification_period=24x7
	check_interval=5.000000
	retry_interval=1.000000
	event_handler=
	has_been_checked=1
	should_be_scheduled=1
	check_execution_time=0.230
	check_latency=0.338
	check_type=0
	current_state=0
	last_hard_state=0
	last_event_id=16
	current_event_id=18
	current_problem_id=0
	last_problem_id=8
	plugin_output=PING OK - Packet loss = 0%, RTA = 224.10 ms
	long_plugin_output=
	performance_data=rta=224.095001ms;3000.000000;5000.000000;0.000000 pl=0%;80;100;0
	last_check=1488818727
	next_check=1488819032
	check_options=0
	current_attempt=1
	max_attempts=5
	state_type=1
	last_state_change=1488808667
	last_hard_state_change=1488802085
	last_time_up=1488818732
	last_time_down=1488808602
	last_time_unreachable=0
	last_notification=0
	next_notification=0
	no_more_notifications=0
	current_notification_number=0
	current_notification_id=0
	notifications_enabled=0
	problem_has_been_acknowledged=0
	acknowledgement_type=0
	active_checks_enabled=1
	passive_checks_enabled=0
	event_handler_enabled=1
	flap_detection_enabled=1
	failure_prediction_enabled=1
	process_performance_data=1
	obsess_over_host=1
	last_update=1488818922
	is_flapping=0
	percent_state_change=0.00
	scheduled_downtime_depth=0
	_HOST_ID=0;2713
	}

hoststatus {
	host_name=disponibilidade_rebocadores_oi
	modified_attributes=0
	check_command=check_host_alive
	check_period=24x7
	notification_period=24x7
	check_interval=5.000000
	retry_interval=1.000000
	event_handler=
	has_been_checked=1
	should_be_scheduled=1
	check_execution_time=0.096
	check_latency=0.189
	check_type=0
	current_state=0
	last_hard_state=0
	last_event_id=0
	current_event_id=0
	current_problem_id=0
	last_problem_id=0
	plugin_output=PING OK - Packet loss = 0%, RTA = 85.93 ms
	long_plugin_output=
	performance_data=rta=85.925003ms;3000.000000;5000.000000;0.000000 pl=0%;80;100;0
	last_check=1488818687
	next_check=1488818992
	check_options=0
	current_attempt=1
	max_attempts=5
	state_type=1
	last_state_change=1488802015
	last_hard_state_change=1488802015
	last_time_up=1488818692
	last_time_down=0
	last_time_unreachable=0
	last_notification=0
	next_notification=0
	no_more_notifications=0
	current_notification_number=0
	current_notification_id=0
	notifications_enabled=0
	problem_has_been_acknowledged=0
	acknowledgement_type=0
	active_checks_enabled=1
	passive_checks_enabled=0
	event_handler_enabled=1
	flap_detection_enabled=1
	failure_prediction_enabled=1
	process_performance_data=1
	obsess_over_host=1
	last_update=1488818922
	is_flapping=0
	percent_state_change=0.00
	scheduled_downtime_depth=0
	_HOST_ID=0;2714
	}

hoststatus {
	host_name=disponibilidade_udi_oi
	modified_attributes=0
	check_command=check_host_alive
	check_period=24x7
	notification_period=24x7
	check_interval=5.000000
	retry_interval=1.000000
	event_handler=
	has_been_checked=1
	should_be_scheduled=1
	check_execution_time=0.116
	check_latency=0.321
	check_type=0
	current_state=0
	last_hard_state=0
	last_event_id=0
	current_event_id=0
	current_problem_id=0
	last_problem_id=0
	plugin_output=PING OK - Packet loss = 0%, RTA = 94.17 ms
	long_plugin_output=
	performance_data=rta=94.165001ms;3000.000000;5000.000000;0.000000 pl=0%;80;100;0
	last_check=1488818717
	next_check=1488819022
	check_options=0
	current_attempt=1
	max_attempts=5
	state_type=1
	last_state_change=1488802092
	last_hard_state_change=1488802092
	last_time_up=1488818722
	last_time_down=0
	last_time_unreachable=0
	last_notification=0
	next_notification=0
	no_more_notifications=0
	current_notification_number=0
	current_notification_id=0
	notifications_enabled=0
	problem_has_been_acknowledged=0
	acknowledgement_type=0
	active_checks_enabled=1
	passive_checks_enabled=0
	event_handler_enabled=1
	flap_detection_enabled=1
	failure_prediction_enabled=1
	process_performance_data=1
	obsess_over_host=1
	last_update=1488818922
	is_flapping=0
	percent_state_change=0.00
	scheduled_downtime_depth=0
	_HOST_ID=0;2783
	}

hoststatus {
	host_name=disponibilidade_udi_tvn
	modified_attributes=0
	check_command=check_host_alive
	check_period=24x7
	notification_period=24x7
	check_interval=5.000000
	retry_interval=1.000000
	event_handler=
	has_been_checked=1
	should_be_scheduled=1
	check_execution_time=0.095
	check_latency=0.410
	check_type=0
	current_state=0
	last_hard_state=0
	last_event_id=0
	current_event_id=0
	current_problem_id=0
	last_problem_id=0
	plugin_output=PING OK - Packet loss = 0%, RTA = 83.98 ms
	long_plugin_output=
	performance_data=rta=83.976997ms;3000.000000;5000.000000;0.000000 pl=0%;80;100;0
	last_check=1488818747
	next_check=1488819052
	check_options=0
	current_attempt=1
	max_attempts=5
	state_type=1
	last_state_change=1488802022
	last_hard_state_change=1488802022
	last_time_up=1488818752
	last_time_down=0
	last_time_unreachable=0
	last_notification=0
	next_notification=0
	no_more_notifications=0
	current_notification_number=0
	current_notification_id=0
	notifications_enabled=0
	problem_has_been_acknowledged=0
	acknowledgement_type=0
	active_checks_enabled=1
	passive_checks_enabled=0
	event_handler_enabled=1
	flap_detection_enabled=1
	failure_prediction_enabled=1
	process_performance_data=1
	obsess_over_host=1
	last_update=1488818922
	is_flapping=0
	percent_state_change=0.00
	scheduled_downtime_depth=0
	_HOST_ID=0;2782
	}

hoststatus {
	host_name=fw-prod-nwavgma-01
	modified_attributes=0
	check_command=check_host_alive
	check_period=24x7
	notification_period=24x7
	check_interval=5.000000
	retry_interval=1.000000
	event_handler=
	has_been_checked=1
	should_be_scheduled=1
	check_execution_time=0.164
	check_latency=0.549
	check_type=0
	current_state=0
	last_hard_state=0
	last_event_id=0
	current_event_id=0
	current_problem_id=0
	last_problem_id=0
	plugin_output=PING OK - Packet loss = 0%, RTA = 152.70 ms
	long_plugin_output=
	performance_data=rta=152.695007ms;3000.000000;5000.000000;0.000000 pl=0%;80;100;0
	last_check=1488818777
	next_check=1488819082
	check_options=0
	current_attempt=1
	max_attempts=5
	state_type=1
	last_state_change=1488802029
	last_hard_state_change=1488802029
	last_time_up=1488818782
	last_time_down=0
	last_time_unreachable=0
	last_notification=0
	next_notification=0
	no_more_notifications=0
	current_notification_number=0
	current_notification_id=0
	notifications_enabled=0
	problem_has_been_acknowledged=0
	acknowledgement_type=0
	active_checks_enabled=1
	passive_checks_enabled=0
	event_handler_enabled=1
	flap_detection_enabled=1
	failure_prediction_enabled=1
	process_performance_data=1
	obsess_over_host=1
	last_update=1488818922
	is_flapping=0
	percent_state_change=0.00
	scheduled_downtime_depth=0
	_HOST_ID=0;2780
	}

servicestatus {
	host_name=_Module_Meta
	service_description=meta_2
	modified_attributes=0
	check_command=check_meta!2
	check_period=24x7
	notification_period=none
	check_interval=5.000000
	retry_interval=5.000000
	event_handler=
	has_been_checked=1
	should_be_scheduled=1
	check_execution_time=0.024
	check_latency=0.077
	check_type=0
	current_state=0
	last_hard_state=0
	last_event_id=0
	current_event_id=0
	current_problem_id=0
	last_problem_id=0
	current_attempt=1
	max_attempts=2
	state_type=1
	last_state_change=1488801987
	last_hard_state_change=1488801987
	last_time_ok=1488818638
	last_time_warning=0
	last_time_unknown=0
	last_time_critical=0
	plugin_output=(null)
	long_plugin_output=
	performance_data=
	last_check=1488818638
	next_check=1488818938
	check_options=0
	current_notification_number=0
	current_notification_id=0
	last_notification=0
	next_notification=0
	no_more_notifications=0
	notifications_enabled=0
	active_checks_enabled=1
	passive_checks_enabled=0
	event_handler_enabled=1
	problem_has_been_acknowledged=0
	acknowledgement_type=0
	flap_detection_enabled=1
	failure_prediction_enabled=1
	process_performance_data=1
	obsess_over_service=1
	last_update=1488818922
	is_flapping=0
	percent_state_change=0.00
	scheduled_downtime_depth=0
	_SERVICE_ID=0;19651
	}

servicestatus {
	host_name=disponibilidade_canopus_tim
	service_description=Check_fw_186.229.16.194
	modified_attributes=0
	check_command=check_centreon_ping2remote!186.229.16.194!3!1500,20%!2000,50%
	check_period=24x7
	notification_period=24x7
	check_interval=5.000000
	retry_interval=1.000000
	event_handler=
	has_been_checked=1
	should_be_scheduled=1
	check_execution_time=0.330
	check_latency=0.294
	check_type=0
	current_state=0
	last_hard_state=0
	last_event_id=0
	current_event_id=0
	current_problem_id=0
	last_problem_id=0
	current_attempt=1
	max_attempts=3
	state_type=1
	last_state_change=1488802064
	last_hard_state_change=1488802064
	last_time_ok=1488818715
	last_time_warning=0
	last_time_unknown=0
	last_time_critical=0
	plugin_output=OK - 186.229.16.194: rta 138,918ms, lost 0%
	long_plugin_output=
	performance_data=rta=138,918ms;1500,000;2000,000;0; pl=0%;20;50;; rtmax=139,448ms;;;; rtmin=138,506ms;;;;
	last_check=1488818715
	next_check=1488819015
	check_options=0
	current_notification_number=0
	current_notification_id=0
	last_notification=0
	next_notification=0
	no_more_notifications=0
	notifications_enabled=0
	active_checks_enabled=1
	passive_checks_enabled=0
	event_handler_enabled=1
	problem_has_been_acknowledged=0
	acknowledgement_type=0
	flap_detection_enabled=1
	failure_prediction_enabled=1
	process_performance_data=1
	obsess_over_service=1
	last_update=1488818922
	is_flapping=0
	percent_state_change=0.00
	scheduled_downtime_depth=0
	_SERVICE_ID=0;39652
	_CRITICALITY_LEVEL=0;
	_CRITICALITY_ID=0;
	}

servicestatus {
	host_name=disponibilidade_canopus_tim
	service_description=Check_rot_186.229.16.193
	modified_attributes=0
	check_command=check_centreon_ping2remote!186.229.16.193!3!1500,20%!2000,50%
	check_period=24x7
	notification_period=24x7
	check_interval=5.000000
	retry_interval=1.000000
	event_handler=
	has_been_checked=1
	should_be_scheduled=1
	check_execution_time=0.330
	check_latency=0.600
	check_type=0
	current_state=0
	last_hard_state=0
	last_event_id=0
	current_event_id=0
	current_problem_id=0
	last_problem_id=0
	current_attempt=1
	max_attempts=3
	state_type=1
	last_state_change=1488802141
	last_hard_state_change=1488802141
	last_time_ok=1488818792
	last_time_warning=0
	last_time_unknown=0
	last_time_critical=0
	plugin_output=OK - 186.229.16.193: rta 139,632ms, lost 0%
	long_plugin_output=
	performance_data=rta=139,632ms;1500,000;2000,000;0; pl=0%;20;50;; rtmax=139,912ms;;;; rtmin=139,394ms;;;;
	last_check=1488818792
	next_check=1488819092
	check_options=0
	current_notification_number=0
	current_notification_id=0
	last_notification=0
	next_notification=0
	no_more_notifications=0
	notifications_enabled=0
	active_checks_enabled=1
	passive_checks_enabled=0
	event_handler_enabled=1
	problem_has_been_acknowledged=0
	acknowledgement_type=0
	flap_detection_enabled=1
	failure_prediction_enabled=1
	process_performance_data=1
	obsess_over_service=1
	last_update=1488818922
	is_flapping=0
	percent_state_change=0.00
	scheduled_downtime_depth=0
	_SERVICE_ID=0;39653
	_CRITICALITY_LEVEL=0;
	_CRITICALITY_ID=0;
	}

servicestatus {
	host_name=disponibilidade_canopus_tim
	service_description=Disponibilidade
	modified_attributes=0
	check_command=check_centreon_ping!5!900,20%!1200,50%
	check_period=24x7
	notification_period=24x7
	check_interval=5.000000
	retry_interval=1.000000
	event_handler=
	has_been_checked=1
	should_be_scheduled=1
	check_execution_time=0.502
	check_latency=0.862
	check_type=0
	current_state=0
	last_hard_state=0
	last_event_id=0
	current_event_id=0
	current_problem_id=0
	last_problem_id=0
	current_attempt=1
	max_attempts=3
	state_type=1
	last_state_change=1488802217
	last_hard_state_change=1488802217
	last_time_ok=1488818868
	last_time_warning=0
	last_time_unknown=0
	last_time_critical=0
	plugin_output=OK - 186.229.16.194: rta 138,627ms, lost 0%
	long_plugin_output=
	performance_data=rta=138,627ms;900,000;1200,000;0; pl=0%;20;50;; rtmax=138,742ms;;;; rtmin=138,518ms;;;;
	last_check=1488818868
	next_check=1488819168
	check_options=0
	current_notification_number=0
	current_notification_id=0
	last_notification=0
	next_notification=0
	no_more_notifications=0
	notifications_enabled=0
	active_checks_enabled=1
	passive_checks_enabled=0
	event_handler_enabled=1
	problem_has_been_acknowledged=0
	acknowledgement_type=0
	flap_detection_enabled=1
	failure_prediction_enabled=1
	process_performance_data=1
	obsess_over_service=1
	last_update=1488818922
	is_flapping=0
	percent_state_change=0.00
	scheduled_downtime_depth=0
	_SERVICE_ID=0;39654
	_CRITICALITY_LEVEL=0;
	_CRITICALITY_ID=0;
	}

servicestatus {
	host_name=disponibilidade_fundacao_emb
	service_description=Check_fw_201.65.76.130
	modified_attributes=0
	check_command=check_centreon_ping2remote!201.65.76.130!3!1500,20%!2000,50%
	check_period=24x7
	notification_period=24x7
	check_interval=5.000000
	retry_interval=1.000000
	event_handler=
	has_been_checked=1
	should_be_scheduled=1
	check_execution_time=0.335
	check_latency=0.228
	check_type=0
	current_state=0
	last_hard_state=0
	last_event_id=35
	current_event_id=36
	current_problem_id=0
	last_problem_id=17
	current_attempt=1
	max_attempts=3
	state_type=1
	last_state_change=1488816305
	last_hard_state_change=1488801994
	last_time_ok=1488818705
	last_time_warning=1488816245
	last_time_unknown=0
	last_time_critical=0
	plugin_output=OK - 201.65.76.130: rta 145,067ms, lost 0%
	long_plugin_output=
	performance_data=rta=145,067ms;1500,000;2000,000;0; pl=0%;20;50;; rtmax=145,165ms;;;; rtmin=144,955ms;;;;
	last_check=1488818705
	next_check=1488819005
	check_options=0
	current_notification_number=0
	current_notification_id=0
	last_notification=0
	next_notification=0
	no_more_notifications=0
	notifications_enabled=0
	active_checks_enabled=1
	passive_checks_enabled=0
	event_handler_enabled=1
	problem_has_been_acknowledged=0
	acknowledgement_type=0
	flap_detection_enabled=1
	failure_prediction_enabled=1
	process_performance_data=1
	obsess_over_service=1
	last_update=1488818922
	is_flapping=0
	percent_state_change=0.00
	scheduled_downtime_depth=0
	_SERVICE_ID=0;39646
	_CRITICALITY_LEVEL=0;
	_CRITICALITY_ID=0;
	}

servicestatus {
	host_name=disponibilidade_fundacao_emb
	service_description=Check_rot_201.65.76.129
	modified_attributes=0
	check_command=check_centreon_ping2remote!201.65.76.129!3!1500,20%!2000,50%
	check_period=24x7
	notification_period=24x7
	check_interval=5.000000
	retry_interval=1.000000
	event_handler=
	has_been_checked=1
	should_be_scheduled=1
	check_execution_time=0.400
	check_latency=0.324
	check_type=0
	current_state=0
	last_hard_state=0
	last_event_id=0
	current_event_id=0
	current_problem_id=0
	last_problem_id=0
	current_attempt=1
	max_attempts=3
	state_type=1
	last_state_change=1488802071
	last_hard_state_change=1488802071
	last_time_ok=1488818722
	last_time_warning=0
	last_time_unknown=0
	last_time_critical=0
	plugin_output=OK - 201.65.76.129: rta 175,684ms, lost 0%
	long_plugin_output=
	performance_data=rta=175,684ms;1500,000;2000,000;0; pl=0%;20;50;; rtmax=198,206ms;;;; rtmin=157,310ms;;;;
	last_check=1488818722
	next_check=1488819022
	check_options=0
	current_notification_number=0
	current_notification_id=0
	last_notification=0
	next_notification=0
	no_more_notifications=0
	notifications_enabled=0
	active_checks_enabled=1
	passive_checks_enabled=0
	event_handler_enabled=1
	problem_has_been_acknowledged=0
	acknowledgement_type=0
	flap_detection_enabled=1
	failure_prediction_enabled=1
	process_performance_data=1
	obsess_over_service=1
	last_update=1488818922
	is_flapping=0
	percent_state_change=0.00
	scheduled_downtime_depth=0
	_SERVICE_ID=0;39647
	_CRITICALITY_LEVEL=0;
	_CRITICALITY_ID=0;
	}

servicestatus {
	host_name=disponibilidade_fundacao_emb
	service_description=Disponibilidade
	modified_attributes=0
	check_command=check_centreon_ping!5!900,20%!1200,50%
	check_period=24x7
	notification_period=24x7
	check_interval=5.000000
	retry_interval=1.000000
	event_handler=
	has_been_checked=1
	should_be_scheduled=1
	check_execution_time=0.495
	check_latency=0.801
	check_type=0
	current_state=0
	last_hard_state=0
	last_event_id=21
	current_event_id=22
	current_problem_id=0
	last_problem_id=10
	current_attempt=1
	max_attempts=3
	state_type=1
	last_state_change=1488809259
	last_hard_state_change=1488802148
	last_time_ok=1488818859
	last_time_warning=1488809199
	last_time_unknown=0
	last_time_critical=0
	plugin_output=OK - 201.65.76.130: rta 168,567ms, lost 0%
	long_plugin_output=
	performance_data=rta=168,567ms;900,000;1200,000;0; pl=0%;20;50;; rtmax=205,906ms;;;; rtmin=145,151ms;;;;
	last_check=1488818859
	next_check=1488819159
	check_options=0
	current_notification_number=0
	current_notification_id=0
	last_notification=0
	next_notification=0
	no_more_notifications=0
	notifications_enabled=0
	active_checks_enabled=1
	passive_checks_enabled=0
	event_handler_enabled=1
	problem_has_been_acknowledged=0
	acknowledgement_type=0
	flap_detection_enabled=1
	failure_prediction_enabled=1
	process_performance_data=1
	obsess_over_service=1
	last_update=1488818922
	is_flapping=0
	percent_state_change=0.00
	scheduled_downtime_depth=0
	_SERVICE_ID=0;39648
	_CRITICALITY_LEVEL=0;
	_CRITICALITY_ID=0;
	}

servicestatus {
	host_name=disponibilidade_fundacao_rnp
	service_description=Check_fw_200.137.134.162
	modified_attributes=0
	check_command=check_centreon_ping2remote!200.137.134.162!3!1500,20%!2000,50%
	check_period=24x7
	notification_period=24x7
	check_interval=5.000000
	retry_interval=1.000000
	event_handler=
	has_been_checked=1
	should_be_scheduled=1
	check_execution_time=0.314
	check_latency=0.889
	check_type=0
	current_state=0
	last_hard_state=0
	last_event_id=0
	current_event_id=0
	current_problem_id=0
	last_problem_id=0
	current_attempt=1
	max_attempts=3
	state_type=1
	last_state_change=1488802224
	last_hard_state_change=1488802224
	last_time_ok=1488818875
	last_time_warning=0
	last_time_unknown=0
	last_time_critical=0
	plugin_output=OK - 200.137.134.162: rta 112,007ms, lost 0%
	long_plugin_output=
	performance_data=rta=112,007ms;1500,000;2000,000;0; pl=0%;20;50;; rtmax=112,147ms;;;; rtmin=111,883ms;;;;
	last_check=1488818875
	next_check=1488819175
	check_options=0
	current_notification_number=0
	current_notification_id=0
	last_notification=0
	next_notification=0
	no_more_notifications=0
	notifications_enabled=0
	active_checks_enabled=1
	passive_checks_enabled=0
	event_handler_enabled=1
	problem_has_been_acknowledged=0
	acknowledgement_type=0
	flap_detection_enabled=1
	failure_prediction_enabled=1
	process_performance_data=1
	obsess_over_service=1
	last_update=1488818922
	is_flapping=0
	percent_state_change=0.00
	scheduled_downtime_depth=0
	_SERVICE_ID=0;39649
	_CRITICALITY_LEVEL=0;
	_CRITICALITY_ID=0;
	}

servicestatus {
	host_name=disponibilidade_fundacao_rnp
	service_description=Check_rot_200.137.134.161
	modified_attributes=0
	check_command=check_centreon_ping2remote!200.137.134.161!3!1500,20%!2000,50%
	check_period=24x7
	notification_period=24x7
	check_interval=5.000000
	retry_interval=1.000000
	event_handler=
	has_been_checked=1
	should_be_scheduled=1
	check_execution_time=0.309
	check_latency=0.096
	check_type=0
	current_state=0
	last_hard_state=0
	last_event_id=0
	current_event_id=0
	current_problem_id=0
	last_problem_id=0
	current_attempt=1
	max_attempts=3
	state_type=1
	last_state_change=1488802001
	last_hard_state_change=1488802001
	last_time_ok=1488818652
	last_time_warning=0
	last_time_unknown=0
	last_time_critical=0
	plugin_output=OK - 200.137.134.161: rta 111,887ms, lost 0%
	long_plugin_output=
	performance_data=rta=111,887ms;1500,000;2000,000;0; pl=0%;20;50;; rtmax=112,548ms;;;; rtmin=111,348ms;;;;
	last_check=1488818652
	next_check=1488818952
	check_options=0
	current_notification_number=0
	current_notification_id=0
	last_notification=0
	next_notification=0
	no_more_notifications=0
	notifications_enabled=0
	active_checks_enabled=1
	passive_checks_enabled=0
	event_handler_enabled=1
	problem_has_been_acknowledged=0
	acknowledgement_type=0
	flap_detection_enabled=1
	failure_prediction_enabled=1
	process_performance_data=1
	obsess_over_service=1
	last_update=1488818922
	is_flapping=0
	percent_state_change=0.00
	scheduled_downtime_depth=0
	_SERVICE_ID=0;39650
	_CRITICALITY_LEVEL=0;
	_CRITICALITY_ID=0;
	}

servicestatus {
	host_name=disponibilidade_fundacao_rnp
	service_description=Disponibilidade
	modified_attributes=0
	check_command=check_centreon_ping!5!900,20%!1200,50%
	check_period=24x7
	notification_period=24x7
	check_interval=5.000000
	retry_interval=1.000000
	event_handler=
	has_been_checked=1
	should_be_scheduled=1
	check_execution_time=0.503
	check_latency=0.339
	check_type=0
	current_state=0
	last_hard_state=0
	last_event_id=0
	current_event_id=0
	current_problem_id=0
	last_problem_id=0
	current_attempt=1
	max_attempts=3
	state_type=1
	last_state_change=1488802078
	last_hard_state_change=1488802078
	last_time_ok=1488818729
	last_time_warning=0
	last_time_unknown=0
	last_time_critical=0
	plugin_output=OK - 200.137.134.162: rta 111,873ms, lost 0%
	long_plugin_output=
	performance_data=rta=111,873ms;900,000;1200,000;0; pl=0%;20;50;; rtmax=112,044ms;;;; rtmin=111,717ms;;;;
	last_check=1488818729
	next_check=1488819029
	check_options=0
	current_notification_number=0
	current_notification_id=0
	last_notification=0
	next_notification=0
	no_more_notifications=0
	notifications_enabled=0
	active_checks_enabled=1
	passive_checks_enabled=0
	event_handler_enabled=1
	problem_has_been_acknowledged=0
	acknowledgement_type=0
	flap_detection_enabled=1
	failure_prediction_enabled=1
	process_performance_data=1
	obsess_over_service=1
	last_update=1488818922
	is_flapping=0
	percent_state_change=0.00
	scheduled_downtime_depth=0
	_SERVICE_ID=0;39651
	_CRITICALITY_LEVEL=0;
	_CRITICALITY_ID=0;
	}

servicestatus {
	host_name=disponibilidade_nwavgma_net
	service_description=Check_fw_10.33.47.1
	modified_attributes=0
	check_command=check_centreon_ping2remote!10.33.47.1!3!1500,20%!2000,50%
	check_period=24x7
	notification_period=24x7
	check_interval=5.000000
	retry_interval=1.000000
	event_handler=
	has_been_checked=1
	should_be_scheduled=1
	check_execution_time=0.356
	check_latency=0.630
	check_type=0
	current_state=0
	last_hard_state=0
	last_event_id=0
	current_event_id=0
	current_problem_id=0
	last_problem_id=0
	current_attempt=1
	max_attempts=3
	state_type=1
	last_state_change=1488802155
	last_hard_state_change=1488802155
	last_time_ok=1488818806
	last_time_warning=0
	last_time_unknown=0
	last_time_critical=0
	plugin_output=OK - 10.33.47.1: rta 153,442ms, lost 0%
	long_plugin_output=
	performance_data=rta=153,442ms;1500,000;2000,000;0; pl=0%;20;50;; rtmax=156,289ms;;;; rtmin=151,948ms;;;;
	last_check=1488818806
	next_check=1488819106
	check_options=0
	current_notification_number=0
	current_notification_id=0
	last_notification=0
	next_notification=0
	no_more_notifications=0
	notifications_enabled=0
	active_checks_enabled=1
	passive_checks_enabled=0
	event_handler_enabled=1
	problem_has_been_acknowledged=0
	acknowledgement_type=0
	flap_detection_enabled=1
	failure_prediction_enabled=1
	process_performance_data=1
	obsess_over_service=1
	last_update=1488818922
	is_flapping=0
	percent_state_change=0.00
	scheduled_downtime_depth=0
	_SERVICE_ID=0;40467
	_CRITICALITY_LEVEL=0;
	_CRITICALITY_ID=0;
	}

servicestatus {
	host_name=disponibilidade_nwavgma_net
	service_description=Check_rot_net_181.222.26.192
	modified_attributes=0
	check_command=check_centreon_ping2remote!181.222.26.192!3!1500,20%!2000,50%
	check_period=24x7
	notification_period=24x7
	check_interval=5.000000
	retry_interval=1.000000
	event_handler=
	has_been_checked=1
	should_be_scheduled=1
	check_execution_time=0.351
	check_latency=0.909
	check_type=0
	current_state=0
	last_hard_state=0
	last_event_id=0
	current_event_id=0
	current_problem_id=0
	last_problem_id=0
	current_attempt=1
	max_attempts=3
	state_type=1
	last_state_change=1488802231
	last_hard_state_change=1488802231
	last_time_ok=1488818882
	last_time_warning=0
	last_time_unknown=0
	last_time_critical=0
	plugin_output=OK - 181.222.26.192: rta 150,271ms, lost 0%
	long_plugin_output=
	performance_data=rta=150,271ms;1500,000;2000,000;0; pl=0%;20;50;; rtmax=157,541ms;;;; rtmin=144,917ms;;;;
	last_check=1488818882
	next_check=1488819182
	check_options=0
	current_notification_number=0
	current_notification_id=0
	last_notification=0
	next_notification=0
	no_more_notifications=0
	notifications_enabled=0
	active_checks_enabled=1
	passive_checks_enabled=0
	event_handler_enabled=1
	problem_has_been_acknowledged=0
	acknowledgement_type=0
	flap_detection_enabled=1
	failure_prediction_enabled=1
	process_performance_data=1
	obsess_over_service=1
	last_update=1488818922
	is_flapping=0
	percent_state_change=0.00
	scheduled_downtime_depth=0
	_SERVICE_ID=0;40468
	_CRITICALITY_LEVEL=0;
	_CRITICALITY_ID=0;
	}

servicestatus {
	host_name=disponibilidade_nwavgma_net
	service_description=Disponibilidade
	modified_attributes=0
	check_command=check_centreon_ping!5!900,20%!1200,50%
	check_period=24x7
	notification_period=24x7
	check_interval=5.000000
	retry_interval=1.000000
	event_handler=
	has_been_checked=1
	should_be_scheduled=1
	check_execution_time=0.563
	check_latency=0.129
	check_type=0
	current_state=0
	last_hard_state=0
	last_event_id=0
	current_event_id=0
	current_problem_id=0
	last_problem_id=0
	current_attempt=1
	max_attempts=3
	state_type=1
	last_state_change=1488802008
	last_hard_state_change=1488802008
	last_time_ok=1488818659
	last_time_warning=0
	last_time_unknown=0
	last_time_critical=0
	plugin_output=OK - 181.222.26.192: rta 145,403ms, lost 0%
	long_plugin_output=
	performance_data=rta=145,403ms;900,000;1200,000;0; pl=0%;20;50;; rtmax=146,241ms;;;; rtmin=144,655ms;;;;
	last_check=1488818659
	next_check=1488818959
	check_options=0
	current_notification_number=0
	current_notification_id=0
	last_notification=0
	next_notification=0
	no_more_notifications=0
	notifications_enabled=0
	active_checks_enabled=1
	passive_checks_enabled=0
	event_handler_enabled=1
	problem_has_been_acknowledged=0
	acknowledgement_type=0
	flap_detection_enabled=1
	failure_prediction_enabled=1
	process_performance_data=1
	obsess_over_service=1
	last_update=1488818922
	is_flapping=0
	percent_state_change=0.00
	scheduled_downtime_depth=0
	_SERVICE_ID=0;40469
	_CRITICALITY_LEVEL=0;
	_CRITICALITY_ID=0;
	}

servicestatus {
	host_name=disponibilidade_rebocadores_eqt
	service_description=Check_fw_187.72.195.143
	modified_attributes=0
	check_command=check_centreon_ping2remote!187.72.195.143!3!1500,20%!2000,50%
	check_period=24x7
	notification_period=24x7
	check_interval=5.000000
	retry_interval=1.000000
	event_handler=
	has_been_checked=1
	should_be_scheduled=1
	check_execution_time=0.393
	check_latency=0.354
	check_type=0
	current_state=0
	last_hard_state=0
	last_event_id=0
	current_event_id=0
	current_problem_id=0
	last_problem_id=0
	current_attempt=1
	max_attempts=3
	state_type=1
	last_state_change=1488802085
	last_hard_state_change=1488802085
	last_time_ok=1488818736
	last_time_warning=0
	last_time_unknown=0
	last_time_critical=0
	plugin_output=OK - 187.72.195.143: rta 224,105ms, lost 0%
	long_plugin_output=
	performance_data=rta=224,105ms;1500,000;2000,000;0; pl=0%;20;50;; rtmax=224,193ms;;;; rtmin=224,002ms;;;;
	last_check=1488818736
	next_check=1488819036
	check_options=0
	current_notification_number=0
	current_notification_id=0
	last_notification=0
	next_notification=0
	no_more_notifications=0
	notifications_enabled=0
	active_checks_enabled=1
	passive_checks_enabled=0
	event_handler_enabled=1
	problem_has_been_acknowledged=0
	acknowledgement_type=0
	flap_detection_enabled=1
	failure_prediction_enabled=1
	process_performance_data=1
	obsess_over_service=1
	last_update=1488818922
	is_flapping=0
	percent_state_change=0.00
	scheduled_downtime_depth=0
	_SERVICE_ID=0;39713
	_CRITICALITY_LEVEL=0;
	_CRITICALITY_ID=0;
	}

servicestatus {
	host_name=disponibilidade_rebocadores_eqt
	service_description=Disponibilidade
	modified_attributes=0
	check_command=check_centreon_ping!5!900,20%!1200,50%
	check_period=24x7
	notification_period=24x7
	check_interval=5.000000
	retry_interval=1.000000
	event_handler=
	has_been_checked=1
	should_be_scheduled=1
	check_execution_time=0.590
	check_latency=0.658
	check_type=0
	current_state=0
	last_hard_state=0
	last_event_id=17
	current_event_id=20
	current_problem_id=0
	last_problem_id=9
	current_attempt=1
	max_attempts=3
	state_type=1
	last_state_change=1488808913
	last_hard_state_change=1488808913
	last_time_ok=1488818813
	last_time_warning=0
	last_time_unknown=0
	last_time_critical=1488808613
	plugin_output=OK - 187.72.195.143: rta 224,102ms, lost 0%
	long_plugin_output=
	performance_data=rta=224,102ms;900,000;1200,000;0; pl=0%;20;50;; rtmax=224,381ms;;;; rtmin=223,930ms;;;;
	last_check=1488818813
	next_check=1488819113
	check_options=0
	current_notification_number=0
	current_notification_id=0
	last_notification=0
	next_notification=0
	no_more_notifications=0
	notifications_enabled=0
	active_checks_enabled=1
	passive_checks_enabled=0
	event_handler_enabled=1
	problem_has_been_acknowledged=0
	acknowledgement_type=0
	flap_detection_enabled=1
	failure_prediction_enabled=1
	process_performance_data=1
	obsess_over_service=1
	last_update=1488818922
	is_flapping=0
	percent_state_change=0.00
	scheduled_downtime_depth=0
	_SERVICE_ID=0;39715
	_CRITICALITY_LEVEL=0;
	_CRITICALITY_ID=0;
	}

servicestatus {
	host_name=disponibilidade_rebocadores_oi
	service_description=Check_fw_200.216.199.34
	modified_attributes=0
	check_command=check_centreon_ping2remote!200.216.199.34!3!1500,20%!2000,50%
	check_period=24x7
	notification_period=24x7
	check_interval=5.000000
	retry_interval=1.000000
	event_handler=
	has_been_checked=1
	should_be_scheduled=1
	check_execution_time=0.259
	check_latency=0.926
	check_type=0
	current_state=0
	last_hard_state=0
	last_event_id=0
	current_event_id=0
	current_problem_id=0
	last_problem_id=0
	current_attempt=1
	max_attempts=3
	state_type=1
	last_state_change=1488802238
	last_hard_state_change=1488802238
	last_time_ok=1488818890
	last_time_warning=0
	last_time_unknown=0
	last_time_critical=0
	plugin_output=OK - 200.216.199.34: rta 87,318ms, lost 0%
	long_plugin_output=
	performance_data=rta=87,318ms;1500,000;2000,000;0; pl=0%;20;50;; rtmax=89,133ms;;;; rtmin=85,833ms;;;;
	last_check=1488818890
	next_check=1488819190
	check_options=0
	current_notification_number=0
	current_notification_id=0
	last_notification=0
	next_notification=0
	no_more_notifications=0
	notifications_enabled=0
	active_checks_enabled=1
	passive_checks_enabled=0
	event_handler_enabled=1
	problem_has_been_acknowledged=0
	acknowledgement_type=0
	flap_detection_enabled=1
	failure_prediction_enabled=1
	process_performance_data=1
	obsess_over_service=1
	last_update=1488818922
	is_flapping=0
	percent_state_change=0.00
	scheduled_downtime_depth=0
	_SERVICE_ID=0;39716
	_CRITICALITY_LEVEL=0;
	_CRITICALITY_ID=0;
	}

servicestatus {
	host_name=disponibilidade_rebocadores_oi
	service_description=Disponibilidade
	modified_attributes=0
	check_command=check_centreon_ping!5!900,20%!1200,50%
	check_period=24x7
	notification_period=24x7
	check_interval=5.000000
	retry_interval=1.000000
	event_handler=
	has_been_checked=1
	should_be_scheduled=1
	check_execution_time=0.429
	check_latency=0.159
	check_type=0
	current_state=0
	last_hard_state=0
	last_event_id=0
	current_event_id=0
	current_problem_id=0
	last_problem_id=0
	current_attempt=1
	max_attempts=3
	state_type=1
	last_state_change=1488802015
	last_hard_state_change=1488802015
	last_time_ok=1488818666
	last_time_warning=0
	last_time_unknown=0
	last_time_critical=0
	plugin_output=OK - 200.216.199.34: rta 85,432ms, lost 0%
	long_plugin_output=
	performance_data=rta=85,432ms;900,000;1200,000;0; pl=0%;20;50;; rtmax=86,469ms;;;; rtmin=85,060ms;;;;
	last_check=1488818666
	next_check=1488818966
	check_options=0
	current_notification_number=0
	current_notification_id=0
	last_notification=0
	next_notification=0
	no_more_notifications=0
	notifications_enabled=0
	active_checks_enabled=1
	passive_checks_enabled=0
	event_handler_enabled=1
	problem_has_been_acknowledged=0
	acknowledgement_type=0
	flap_detection_enabled=1
	failure_prediction_enabled=1
	process_performance_data=1
	obsess_over_service=1
	last_update=1488818922
	is_flapping=0
	percent_state_change=0.00
	scheduled_downtime_depth=0
	_SERVICE_ID=0;39718
	_CRITICALITY_LEVEL=0;
	_CRITICALITY_ID=0;
	}

servicestatus {
	host_name=disponibilidade_udi_oi
	service_description=Check_rot_200.141.203.73
	modified_attributes=0
	check_command=check_centreon_ping2remote!200.141.203.73!3!1500,20%!2000,50%
	check_period=24x7
	notification_period=24x7
	check_interval=5.000000
	retry_interval=1.000000
	event_handler=
	has_been_checked=1
	should_be_scheduled=1
	check_execution_time=0.273
	check_latency=0.377
	check_type=0
	current_state=0
	last_hard_state=0
	last_event_id=0
	current_event_id=0
	current_problem_id=0
	last_problem_id=0
	current_attempt=1
	max_attempts=3
	state_type=1
	last_state_change=1488802092
	last_hard_state_change=1488802092
	last_time_ok=1488818743
	last_time_warning=0
	last_time_unknown=0
	last_time_critical=0
	plugin_output=OK - 200.141.203.73: rta 94,189ms, lost 0%
	long_plugin_output=
	performance_data=rta=94,189ms;1500,000;2000,000;0; pl=0%;20;50;; rtmax=94,291ms;;;; rtmin=94,093ms;;;;
	last_check=1488818743
	next_check=1488819043
	check_options=0
	current_notification_number=0
	current_notification_id=0
	last_notification=0
	next_notification=0
	no_more_notifications=0
	notifications_enabled=0
	active_checks_enabled=1
	passive_checks_enabled=0
	event_handler_enabled=1
	problem_has_been_acknowledged=0
	acknowledgement_type=0
	flap_detection_enabled=1
	failure_prediction_enabled=1
	process_performance_data=1
	obsess_over_service=1
	last_update=1488818922
	is_flapping=0
	percent_state_change=0.00
	scheduled_downtime_depth=0
	_SERVICE_ID=0;40465
	_CRITICALITY_LEVEL=0;
	_CRITICALITY_ID=0;
	}

servicestatus {
	host_name=disponibilidade_udi_oi
	service_description=Disponibilidade
	modified_attributes=0
	check_command=check_centreon_ping!5!900,20%!1200,50%
	check_period=24x7
	notification_period=24x7
	check_interval=5.000000
	retry_interval=1.000000
	event_handler=
	has_been_checked=1
	should_be_scheduled=1
	check_execution_time=0.456
	check_latency=0.675
	check_type=0
	current_state=0
	last_hard_state=0
	last_event_id=0
	current_event_id=0
	current_problem_id=0
	last_problem_id=0
	current_attempt=1
	max_attempts=3
	state_type=1
	last_state_change=1488802169
	last_hard_state_change=1488802169
	last_time_ok=1488818820
	last_time_warning=0
	last_time_unknown=0
	last_time_critical=0
	plugin_output=OK - 200.141.203.73: rta 95,128ms, lost 0%
	long_plugin_output=
	performance_data=rta=95,128ms;900,000;1200,000;0; pl=0%;20;50;; rtmax=97,299ms;;;; rtmin=94,104ms;;;;
	last_check=1488818820
	next_check=1488819120
	check_options=0
	current_notification_number=0
	current_notification_id=0
	last_notification=0
	next_notification=0
	no_more_notifications=0
	notifications_enabled=0
	active_checks_enabled=1
	passive_checks_enabled=0
	event_handler_enabled=1
	problem_has_been_acknowledged=0
	acknowledgement_type=0
	flap_detection_enabled=1
	failure_prediction_enabled=1
	process_performance_data=1
	obsess_over_service=1
	last_update=1488818922
	is_flapping=0
	percent_state_change=0.00
	scheduled_downtime_depth=0
	_SERVICE_ID=0;40466
	_CRITICALITY_LEVEL=0;
	_CRITICALITY_ID=0;
	}

servicestatus {
	host_name=disponibilidade_udi_tvn
	service_description=Check_rot_187.60.120.9
	modified_attributes=0
	check_command=check_centreon_ping2remote!187.60.120.9!3!1500,20%!2000,50%
	check_period=24x7
	notification_period=24x7
	check_interval=5.000000
	retry_interval=1.000000
	event_handler=
	has_been_checked=1
	should_be_scheduled=1
	check_execution_time=0.261
	check_latency=0.941
	check_type=0
	current_state=0
	last_hard_state=0
	last_event_id=0
	current_event_id=0
	current_problem_id=0
	last_problem_id=0
	current_attempt=1
	max_attempts=3
	state_type=1
	last_state_change=1488802245
	last_hard_state_change=1488802245
	last_time_ok=1488818896
	last_time_warning=0
	last_time_unknown=0
	last_time_critical=0
	plugin_output=OK - 187.60.120.9: rta 83,914ms, lost 0%
	long_plugin_output=
	performance_data=rta=83,914ms;1500,000;2000,000;0; pl=0%;20;50;; rtmax=84,491ms;;;; rtmin=83,578ms;;;;
	last_check=1488818896
	next_check=1488819196
	check_options=0
	current_notification_number=0
	current_notification_id=0
	last_notification=0
	next_notification=0
	no_more_notifications=0
	notifications_enabled=0
	active_checks_enabled=1
	passive_checks_enabled=0
	event_handler_enabled=1
	problem_has_been_acknowledged=0
	acknowledgement_type=0
	flap_detection_enabled=1
	failure_prediction_enabled=1
	process_performance_data=1
	obsess_over_service=1
	last_update=1488818922
	is_flapping=0
	percent_state_change=0.00
	scheduled_downtime_depth=0
	_SERVICE_ID=0;40463
	_CRITICALITY_LEVEL=0;
	_CRITICALITY_ID=0;
	}

servicestatus {
	host_name=disponibilidade_udi_tvn
	service_description=Disponibilidade
	modified_attributes=0
	check_command=check_centreon_ping!5!900,20%!1200,50%
	check_period=24x7
	notification_period=24x7
	check_interval=5.000000
	retry_interval=1.000000
	event_handler=
	has_been_checked=1
	should_be_scheduled=1
	check_execution_time=0.422
	check_latency=0.601
	check_type=0
	current_state=0
	last_hard_state=0
	last_event_id=39
	current_event_id=40
	current_problem_id=0
	last_problem_id=19
	current_attempt=1
	max_attempts=3
	state_type=1
	last_state_change=1488818493
	last_hard_state_change=1488802022
	last_time_ok=1488818793
	last_time_warning=1488818433
	last_time_unknown=0
	last_time_critical=0
	plugin_output=OK - 187.60.120.9: rta 85,104ms, lost 0%
	long_plugin_output=
	performance_data=rta=85,104ms;900,000;1200,000;0; pl=0%;20;50;; rtmax=89,869ms;;;; rtmin=83,390ms;;;;
	last_check=1488818793
	next_check=1488819093
	check_options=0
	current_notification_number=0
	current_notification_id=0
	last_notification=0
	next_notification=0
	no_more_notifications=0
	notifications_enabled=0
	active_checks_enabled=1
	passive_checks_enabled=0
	event_handler_enabled=1
	problem_has_been_acknowledged=0
	acknowledgement_type=0
	flap_detection_enabled=1
	failure_prediction_enabled=1
	process_performance_data=1
	obsess_over_service=1
	last_update=1488818922
	is_flapping=0
	percent_state_change=0.00
	scheduled_downtime_depth=0
	_SERVICE_ID=0;40464
	_CRITICALITY_LEVEL=0;
	_CRITICALITY_ID=0;
	}

servicestatus {
	host_name=fw-prod-nwavgma-01
	service_description=CPU
	modified_attributes=0
	check_command=check_pfsense!u3fr0I87uh!cpu!80!90
	check_period=24x7
	notification_period=24x7
	check_interval=5.000000
	retry_interval=1.000000
	event_handler=
	has_been_checked=1
	should_be_scheduled=1
	check_execution_time=0.245
	check_latency=0.412
	check_type=0
	current_state=0
	last_hard_state=0
	last_event_id=0
	current_event_id=0
	current_problem_id=0
	last_problem_id=0
	current_attempt=1
	max_attempts=3
	state_type=1
	last_state_change=1488802099
	last_hard_state_change=1488802099
	last_time_ok=1488818750
	last_time_warning=0
	last_time_unknown=0
	last_time_critical=0
	plugin_output=CPU OK - Usage: 3%
	long_plugin_output=
	performance_data=cpu=3%;80;90 user=0% system=3% idle=97%
	last_check=1488818750
	next_check=1488819050
	check_options=0
	current_notification_number=0
	current_notification_id=0
	last_notification=0
	next_notification=0
	no_more_notifications=0
	notifications_enabled=0
	active_checks_enabled=1
	passive_checks_enabled=0
	event_handler_enabled=1
	problem_has_been_acknowledged=0
	acknowledgement_type=0
	flap_detection_enabled=1
	failure_prediction_enabled=1
	process_performance_data=1
	obsess_over_service=1
	last_update=1488818922
	is_flapping=0
	percent_state_change=0.00
	scheduled_downtime_depth=0
	_SERVICE_ID=0;40432
	_CRITICALITY_LEVEL=0;
	_CRITICALITY_ID=0;
	}

servicestatus {
	host_name=fw-prod-nwavgma-01
	service_description=DISK
	modified_attributes=0
	check_command=check_pfsense!u3fr0I87uh!disk!80!90
	check_period=24x7
	notification_period=24x7
	check_interval=5.000000
	retry_interval=1.000000
	event_handler=
	has_been_checked=1
	should_be_scheduled=1
	check_execution_time=0.265
	check_latency=0.691
	check_type=0
	current_state=0
	last_hard_state=0
	last_event_id=0
	current_event_id=0
	current_problem_id=0
	last_problem_id=0
	current_attempt=1
	max_attempts=3
	state_type=1
	last_state_change=1488802176
	last_hard_state_change=1488802176
	last_time_ok=1488818827
	last_time_warning=0
	last_time_unknown=0
	last_time_critical=0
	plugin_output=DISK USAGE OK - Usage: 3% (Total: 54.22 GiB - Free: 48.29 GiB)
	long_plugin_output=
	performance_data=used_pct=3%;80;90 total=58227865600 free=51858964480
	last_check=1488818827
	next_check=1488819127
	check_options=0
	current_notification_number=0
	current_notification_id=0
	last_notification=0
	next_notification=0
	no_more_notifications=0
	notifications_enabled=0
	active_checks_enabled=1
	passive_checks_enabled=0
	event_handler_enabled=1
	problem_has_been_acknowledged=0
	acknowledgement_type=0
	flap_detection_enabled=1
	failure_prediction_enabled=1
	process_performance_data=1
	obsess_over_service=1
	last_update=1488818922
	is_flapping=0
	percent_state_change=0.00
	scheduled_downtime_depth=0
	_SERVICE_ID=0;40434
	_CRITICALITY_LEVEL=0;
	_CRITICALITY_ID=0;
	}

servicestatus {
	host_name=fw-prod-nwavgma-01
	service_description=Data_e_Hora
	modified_attributes=0
	check_command=check_data_e_hora!u3fr0I87uh
	check_period=24x7
	notification_period=24x7
	check_interval=5.000000
	retry_interval=1.000000
	event_handler=
	has_been_checked=1
	should_be_scheduled=1
	check_execution_time=0.372
	check_latency=0.961
	check_type=0
	current_state=0
	last_hard_state=0
	last_event_id=0
	current_event_id=0
	current_problem_id=0
	last_problem_id=0
	current_attempt=1
	max_attempts=3
	state_type=1
	last_state_change=1488802252
	last_hard_state_change=1488802252
	last_time_ok=1488818903
	last_time_warning=0
	last_time_unknown=0
	last_time_critical=0
	plugin_output=Hora atual do Host: 2017-3-6 13:47:56.8 -3:0
	long_plugin_output=
	performance_data=
	last_check=1488818903
	next_check=1488819203
	check_options=0
	current_notification_number=0
	current_notification_id=0
	last_notification=0
	next_notification=0
	no_more_notifications=0
	notifications_enabled=0
	active_checks_enabled=1
	passive_checks_enabled=0
	event_handler_enabled=1
	problem_has_been_acknowledged=0
	acknowledgement_type=0
	flap_detection_enabled=1
	failure_prediction_enabled=1
	process_performance_data=1
	obsess_over_service=1
	last_update=1488818922
	is_flapping=0
	percent_state_change=0.00
	scheduled_downtime_depth=0
	_SERVICE_ID=0;40433
	_CRITICALITY_LEVEL=0;
	_CRITICALITY_ID=0;
	}

servicestatus {
	host_name=fw-prod-nwavgma-01
	service_description=Disponibilidade
	modified_attributes=0
	check_command=check_centreon_ping!5!200,20%!500,50%
	check_period=24x7
	notification_period=24x7
	check_interval=5.000000
	retry_interval=1.000000
	event_handler=
	has_been_checked=1
	should_be_scheduled=1
	check_execution_time=0.595
	check_latency=0.804
	check_type=0
	current_state=0
	last_hard_state=0
	last_event_id=31
	current_event_id=32
	current_problem_id=0
	last_problem_id=15
	current_attempt=1
	max_attempts=3
	state_type=1
	last_state_change=1488814960
	last_hard_state_change=1488802029
	last_time_ok=1488818860
	last_time_warning=1488814900
	last_time_unknown=0
	last_time_critical=0
	plugin_output=OK - 10.33.44.1: rta 153,433ms, lost 0%
	long_plugin_output=
	performance_data=rta=153,433ms;200,000;500,000;0; pl=0%;20;50;; rtmax=154,626ms;;;; rtmin=152,224ms;;;;
	last_check=1488818860
	next_check=1488819160
	check_options=0
	current_notification_number=0
	current_notification_id=0
	last_notification=0
	next_notification=0
	no_more_notifications=0
	notifications_enabled=0
	active_checks_enabled=1
	passive_checks_enabled=0
	event_handler_enabled=1
	problem_has_been_acknowledged=0
	acknowledgement_type=0
	flap_detection_enabled=1
	failure_prediction_enabled=1
	process_performance_data=1
	obsess_over_service=1
	last_update=1488818922
	is_flapping=0
	percent_state_change=0.00
	scheduled_downtime_depth=0
	_SERVICE_ID=0;40435
	_CRITICALITY_LEVEL=0;
	_CRITICALITY_ID=0;
	}

servicestatus {
	host_name=fw-prod-nwavgma-01
	service_description=Estado_PFILTER
	modified_attributes=0
	check_command=check_snmp!u3fr0I87uh!1.3.6.1.4.1.12325.1.200.1.3.1.0!pfilter!1
	check_period=24x7
	notification_period=24x7
	check_interval=5.000000
	retry_interval=1.000000
	event_handler=
	has_been_checked=1
	should_be_scheduled=1
	check_execution_time=0.203
	check_latency=0.427
	check_type=0
	current_state=0
	last_hard_state=0
	last_event_id=0
	current_event_id=0
	current_problem_id=0
	last_problem_id=0
	current_attempt=1
	max_attempts=3
	state_type=1
	last_state_change=1488802106
	last_hard_state_change=1488802106
	last_time_ok=1488818757
	last_time_warning=0
	last_time_unknown=0
	last_time_critical=0
	plugin_output=SNMP OK - pfilter 1626
	long_plugin_output=
	performance_data=
	last_check=1488818757
	next_check=1488819057
	check_options=0
	current_notification_number=0
	current_notification_id=0
	last_notification=0
	next_notification=0
	no_more_notifications=0
	notifications_enabled=0
	active_checks_enabled=1
	passive_checks_enabled=0
	event_handler_enabled=1
	problem_has_been_acknowledged=0
	acknowledgement_type=0
	flap_detection_enabled=1
	failure_prediction_enabled=1
	process_performance_data=1
	obsess_over_service=1
	last_update=1488818922
	is_flapping=0
	percent_state_change=0.00
	scheduled_downtime_depth=0
	_SERVICE_ID=0;40436
	_CRITICALITY_LEVEL=0;
	_CRITICALITY_ID=0;
	}

servicestatus {
	host_name=fw-prod-nwavgma-01
	service_description=FreeBSD_version
	modified_attributes=0
	check_command=check_snmp!u3fr0I87uh!.1.3.6.1.2.1.25.6.3.1.2.1!version!1
	check_period=24x7
	notification_period=24x7
	check_interval=5.000000
	retry_interval=1.000000
	event_handler=
	has_been_checked=1
	should_be_scheduled=1
	check_execution_time=0.186
	check_latency=0.722
	check_type=0
	current_state=0
	last_hard_state=0
	last_event_id=0
	current_event_id=0
	current_problem_id=0
	last_problem_id=0
	current_attempt=1
	max_attempts=3
	state_type=1
	last_state_change=1488802183
	last_hard_state_change=1488802183
	last_time_ok=1488818834
	last_time_warning=0
	last_time_unknown=0
	last_time_critical=0
	plugin_output=SNMP OK - version "FreeBSD: FreeBSD 10.3-RELEASE-p5 #0 7307492(RELENG_2_3_2): Tue J"
	long_plugin_output=
	performance_data=
	last_check=1488818834
	next_check=1488819134
	check_options=0
	current_notification_number=0
	current_notification_id=0
	last_notification=0
	next_notification=0
	no_more_notifications=0
	notifications_enabled=0
	active_checks_enabled=1
	passive_checks_enabled=0
	event_handler_enabled=1
	problem_has_been_acknowledged=0
	acknowledgement_type=0
	flap_detection_enabled=1
	failure_prediction_enabled=1
	process_performance_data=1
	obsess_over_service=1
	last_update=1488818922
	is_flapping=0
	percent_state_change=0.00
	scheduled_downtime_depth=0
	_SERVICE_ID=0;40437
	_CRITICALITY_LEVEL=0;
	_CRITICALITY_ID=0;
	}

servicestatus {
	host_name=fw-prod-nwavgma-01
	service_description=LOAD
	modified_attributes=0
	check_command=check_pfsense!u3fr0I87uh!load!2!4
	check_period=24x7
	notification_period=24x7
	check_interval=5.000000
	retry_interval=1.000000
	event_handler=
	has_been_checked=1
	should_be_scheduled=1
	check_execution_time=0.215
	check_latency=0.979
	check_type=0
	current_state=0
	last_hard_state=0
	last_event_id=0
	current_event_id=0
	current_problem_id=0
	last_problem_id=0
	current_attempt=1
	max_attempts=3
	state_type=1
	last_state_change=1488802259
	last_hard_state_change=1488802259
	last_time_ok=1488818910
	last_time_warning=0
	last_time_unknown=0
	last_time_critical=0
	plugin_output=LOAD AVERAGE OK - 0.03,0.13,0.12
	long_plugin_output=
	performance_data=load1=0.03;2;4 load5=0.13;2;4 load15=0.12;2;4
	last_check=1488818910
	next_check=1488819210
	check_options=0
	current_notification_number=0
	current_notification_id=0
	last_notification=0
	next_notification=0
	no_more_notifications=0
	notifications_enabled=0
	active_checks_enabled=1
	passive_checks_enabled=0
	event_handler_enabled=1
	problem_has_been_acknowledged=0
	acknowledgement_type=0
	flap_detection_enabled=1
	failure_prediction_enabled=1
	process_performance_data=1
	obsess_over_service=1
	last_update=1488818922
	is_flapping=0
	percent_state_change=0.00
	scheduled_downtime_depth=0
	_SERVICE_ID=0;40438
	_CRITICALITY_LEVEL=0;
	_CRITICALITY_ID=0;
	}

servicestatus {
	host_name=fw-prod-nwavgma-01
	service_description=MEMORIA
	modified_attributes=0
	check_command=check_pfsense!u3fr0I87uh!memory!80,30!90,50
	check_period=24x7
	notification_period=24x7
	check_interval=5.000000
	retry_interval=1.000000
	event_handler=
	has_been_checked=1
	should_be_scheduled=1
	check_execution_time=0.226
	check_latency=0.191
	check_type=0
	current_state=0
	last_hard_state=0
	last_event_id=0
	current_event_id=0
	current_problem_id=0
	last_problem_id=0
	current_attempt=1
	max_attempts=3
	state_type=1
	last_state_change=1488802036
	last_hard_state_change=1488802036
	last_time_ok=1488818687
	last_time_warning=0
	last_time_unknown=0
	last_time_critical=0
	plugin_output=MEMORY OK - Usage: 18% (Swap: 0%)
	long_plugin_output=
	performance_data=memory=18%;80;90 swap=0%;30;50
	last_check=1488818687
	next_check=1488818987
	check_options=0
	current_notification_number=0
	current_notification_id=0
	last_notification=0
	next_notification=0
	no_more_notifications=0
	notifications_enabled=0
	active_checks_enabled=1
	passive_checks_enabled=0
	event_handler_enabled=1
	problem_has_been_acknowledged=0
	acknowledgement_type=0
	flap_detection_enabled=1
	failure_prediction_enabled=1
	process_performance_data=1
	obsess_over_service=1
	last_update=1488818922
	is_flapping=0
	percent_state_change=0.00
	scheduled_downtime_depth=0
	_SERVICE_ID=0;40439
	_CRITICALITY_LEVEL=0;
	_CRITICALITY_ID=0;
	}

servicestatus {
	host_name=fw-prod-nwavgma-01
	service_description=Network-em0-dmz1_1033440_24_3344
	modified_attributes=0
	check_command=check_traffic_v3_assincrono!em0!80!90!u3fr0I87uh!m!100!100
	check_period=24x7
	notification_period=24x7
	check_interval=5.000000
	retry_interval=1.000000
	event_handler=
	has_been_checked=1
	should_be_scheduled=1
	check_execution_time=3.031
	check_latency=0.503
	check_type=0
	current_state=0
	last_hard_state=0
	last_event_id=0
	current_event_id=0
	current_problem_id=0
	last_problem_id=0
	current_attempt=1
	max_attempts=3
	state_type=1
	last_state_change=1488802113
	last_hard_state_change=1488802113
	last_time_ok=1488818764
	last_time_warning=0
	last_time_unknown=0
	last_time_critical=0
	plugin_output=Average IN: 232.4KBits/s (0.18%), Average OUT: 30.6KBits/s (0.02%)<br>Total RX: 3235.78 MBytes, Total TX: 2854.20 MBytes
	long_plugin_output=
	performance_data=inUsage=0.18%;80;90 outUsage=0.02%;80;90 inBandwidth=232429,0Bits/s;0;100000000 outBandwidth=30577,0Bits/s;0;100000000 linkDownload=100000000,0Bits/s;0;100000000 linkUpload=100000000,0Bits/s;0;100000000
	last_check=1488818764
	next_check=1488819064
	check_options=0
	current_notification_number=0
	current_notification_id=0
	last_notification=0
	next_notification=0
	no_more_notifications=0
	notifications_enabled=0
	active_checks_enabled=1
	passive_checks_enabled=0
	event_handler_enabled=1
	problem_has_been_acknowledged=0
	acknowledgement_type=0
	flap_detection_enabled=1
	failure_prediction_enabled=1
	process_performance_data=1
	obsess_over_service=1
	last_update=1488818922
	is_flapping=0
	percent_state_change=0.00
	scheduled_downtime_depth=0
	_SERVICE_ID=0;40442
	_CRITICALITY_LEVEL=0;
	_CRITICALITY_ID=0;
	}

servicestatus {
	host_name=fw-prod-nwavgma-01
	service_description=Network-em1-mgm1_1033450_24_3345
	modified_attributes=0
	check_command=check_traffic_v3_assincrono!em1!80!90!u3fr0I87uh!m!100!100
	check_period=24x7
	notification_period=24x7
	check_interval=5.000000
	retry_interval=1.000000
	event_handler=
	has_been_checked=1
	should_be_scheduled=1
	check_execution_time=3.173
	check_latency=0.741
	check_type=0
	current_state=0
	last_hard_state=0
	last_event_id=0
	current_event_id=0
	current_problem_id=0
	last_problem_id=0
	current_attempt=1
	max_attempts=3
	state_type=1
	last_state_change=1488802190
	last_hard_state_change=1488802190
	last_time_ok=1488818841
	last_time_warning=0
	last_time_unknown=0
	last_time_critical=0
	plugin_output=Average IN: 0KBits/s (0.00%), Average OUT: 0.1KBits/s (0.00%)<br>Total RX: 28.31 MBytes, Total TX: 11.79 MBytes
	long_plugin_output=
	performance_data=inUsage=0.00%;80;90 outUsage=0.00%;80;90 inBandwidth=36,0Bits/s;0;100000000 outBandwidth=59,0Bits/s;0;100000000 linkDownload=100000000,0Bits/s;0;100000000 linkUpload=100000000,0Bits/s;0;100000000
	last_check=1488818841
	next_check=1488819141
	check_options=0
	current_notification_number=0
	current_notification_id=0
	last_notification=0
	next_notification=0
	no_more_notifications=0
	notifications_enabled=0
	active_checks_enabled=1
	passive_checks_enabled=0
	event_handler_enabled=1
	problem_has_been_acknowledged=0
	acknowledgement_type=0
	flap_detection_enabled=1
	failure_prediction_enabled=1
	process_performance_data=1
	obsess_over_service=1
	last_update=1488818922
	is_flapping=0
	percent_state_change=0.00
	scheduled_downtime_depth=0
	_SERVICE_ID=0;40448
	_CRITICALITY_LEVEL=0;
	_CRITICALITY_ID=0;
	}

servicestatus {
	host_name=fw-prod-nwavgma-01
	service_description=Network-em3-int1_1033400_24_3340
	modified_attributes=0
	check_command=check_traffic_v3_assincrono!em3!80!90!u3fr0I87uh!m!100!100
	check_period=24x7
	notification_period=24x7
	check_interval=5.000000
	retry_interval=1.000000
	event_handler=
	has_been_checked=1
	should_be_scheduled=1
	check_execution_time=3.073
	check_latency=0.996
	check_type=0
	current_state=0
	last_hard_state=0
	last_event_id=0
	current_event_id=0
	current_problem_id=0
	last_problem_id=0
	current_attempt=1
	max_attempts=3
	state_type=1
	last_state_change=1488802266
	last_hard_state_change=1488802266
	last_time_ok=1488818617
	last_time_warning=0
	last_time_unknown=0
	last_time_critical=0
	plugin_output=Average IN: 22.3KBits/s (0.02%), Average OUT: 95.9KBits/s (0.07%)<br>Total RX: 110.45 MBytes, Total TX: 2123.93 MBytes
	long_plugin_output=
	performance_data=inUsage=0.02%;80;90 outUsage=0.07%;80;90 inBandwidth=22270,0Bits/s;0;100000000 outBandwidth=95866,0Bits/s;0;100000000 linkDownload=100000000,0Bits/s;0;100000000 linkUpload=100000000,0Bits/s;0;100000000
	last_check=1488818617
	next_check=1488818917
	check_options=0
	current_notification_number=0
	current_notification_id=0
	last_notification=0
	next_notification=0
	no_more_notifications=0
	notifications_enabled=0
	active_checks_enabled=1
	passive_checks_enabled=0
	event_handler_enabled=1
	problem_has_been_acknowledged=0
	acknowledgement_type=0
	flap_detection_enabled=1
	failure_prediction_enabled=1
	process_performance_data=1
	obsess_over_service=1
	last_update=1488818922
	is_flapping=0
	percent_state_change=0.00
	scheduled_downtime_depth=0
	_SERVICE_ID=0;40449
	_CRITICALITY_LEVEL=0;
	_CRITICALITY_ID=0;
	}

servicestatus {
	host_name=fw-prod-nwavgma-01
	service_description=Network-em4-vip1_10_33_42_0_25_3342
	modified_attributes=0
	check_command=check_traffic_v3_assincrono!em4!80!90!u3fr0I87uh!m!100!100
	check_period=24x7
	notification_period=24x7
	check_interval=5.000000
	retry_interval=1.000000
	event_handler=
	has_been_checked=1
	should_be_scheduled=1
	check_execution_time=3.104
	check_latency=0.747
	check_type=0
	current_state=0
	last_hard_state=0
	last_event_id=0
	current_event_id=0
	current_problem_id=0
	last_problem_id=0
	current_attempt=1
	max_attempts=3
	state_type=1
	last_state_change=1488802043
	last_hard_state_change=1488802043
	last_time_ok=1488818843
	last_time_warning=0
	last_time_unknown=0
	last_time_critical=0
	plugin_output=Average IN: 2KBits/s (0.00%), Average OUT: 1.9KBits/s (0.00%)<br>Total RX: 2857.07 MBytes, Total TX: 2473.34 MBytes
	long_plugin_output=
	performance_data=inUsage=0.00%;80;90 outUsage=0.00%;80;90 inBandwidth=1996,0Bits/s;0;100000000 outBandwidth=1904,0Bits/s;0;100000000 linkDownload=100000000,0Bits/s;0;100000000 linkUpload=100000000,0Bits/s;0;100000000
	last_check=1488818843
	next_check=1488819143
	check_options=0
	current_notification_number=0
	current_notification_id=0
	last_notification=0
	next_notification=0
	no_more_notifications=0
	notifications_enabled=0
	active_checks_enabled=1
	passive_checks_enabled=0
	event_handler_enabled=1
	problem_has_been_acknowledged=0
	acknowledgement_type=0
	flap_detection_enabled=1
	failure_prediction_enabled=1
	process_performance_data=1
	obsess_over_service=1
	last_update=1488818922
	is_flapping=0
	percent_state_change=0.00
	scheduled_downtime_depth=0
	_SERVICE_ID=0;40450
	_CRITICALITY_LEVEL=0;
	_CRITICALITY_ID=0;
	}

servicestatus {
	host_name=fw-prod-nwavgma-01
	service_description=Network-em5-wic1_10_33_43_128_25_3128
	modified_attributes=0
	check_command=check_traffic_v3_assincrono!em5!80!90!u3fr0I87uh!m!100!100
	check_period=24x7
	notification_period=24x7
	check_interval=5.000000
	retry_interval=1.000000
	event_handler=
	has_been_checked=1
	should_be_scheduled=1
	check_execution_time=3.118
	check_latency=0.505
	check_type=0
	current_state=0
	last_hard_state=0
	last_event_id=0
	current_event_id=0
	current_problem_id=0
	last_problem_id=0
	current_attempt=1
	max_attempts=3
	state_type=1
	last_state_change=1488802120
	last_hard_state_change=1488802120
	last_time_ok=1488818771
	last_time_warning=0
	last_time_unknown=0
	last_time_critical=0
	plugin_output=Average IN: 12.7KBits/s (0.01%), Average OUT: 39.4KBits/s (0.03%)<br>Total RX: 3070.54 MBytes, Total TX: 3408.55 MBytes
	long_plugin_output=
	performance_data=inUsage=0.01%;80;90 outUsage=0.03%;80;90 inBandwidth=12698,0Bits/s;0;100000000 outBandwidth=39395,0Bits/s;0;100000000 linkDownload=100000000,0Bits/s;0;100000000 linkUpload=100000000,0Bits/s;0;100000000
	last_check=1488818771
	next_check=1488819071
	check_options=0
	current_notification_number=0
	current_notification_id=0
	last_notification=0
	next_notification=0
	no_more_notifications=0
	notifications_enabled=0
	active_checks_enabled=1
	passive_checks_enabled=0
	event_handler_enabled=1
	problem_has_been_acknowledged=0
	acknowledgement_type=0
	flap_detection_enabled=1
	failure_prediction_enabled=1
	process_performance_data=1
	obsess_over_service=1
	last_update=1488818922
	is_flapping=0
	percent_state_change=0.00
	scheduled_downtime_depth=0
	_SERVICE_ID=0;40451
	_CRITICALITY_LEVEL=0;
	_CRITICALITY_ID=0;
	}

servicestatus {
	host_name=fw-prod-nwavgma-01
	service_description=Network-em6-wid1_10334164_26_164
	modified_attributes=0
	check_command=check_traffic_v3_assincrono!em6!80!90!u3fr0I87uh!m!100!100
	check_period=24x7
	notification_period=24x7
	check_interval=5.000000
	retry_interval=1.000000
	event_handler=
	has_been_checked=1
	should_be_scheduled=1
	check_execution_time=2.915
	check_latency=0.768
	check_type=0
	current_state=0
	last_hard_state=0
	last_event_id=0
	current_event_id=0
	current_problem_id=0
	last_problem_id=0
	current_attempt=1
	max_attempts=3
	state_type=1
	last_state_change=1488802197
	last_hard_state_change=1488802197
	last_time_ok=1488818848
	last_time_warning=0
	last_time_unknown=0
	last_time_critical=0
	plugin_output=Average IN: 1.7KBits/s (0.00%), Average OUT: 2.8KBits/s (0.00%)<br>Total RX: 3105.33 MBytes, Total TX: 191.59 MBytes
	long_plugin_output=
	performance_data=inUsage=0.00%;80;90 outUsage=0.00%;80;90 inBandwidth=1674,0Bits/s;0;100000000 outBandwidth=2835,0Bits/s;0;100000000 linkDownload=100000000,0Bits/s;0;100000000 linkUpload=100000000,0Bits/s;0;100000000
	last_check=1488818848
	next_check=1488819148
	check_options=0
	current_notification_number=0
	current_notification_id=0
	last_notification=0
	next_notification=0
	no_more_notifications=0
	notifications_enabled=0
	active_checks_enabled=1
	passive_checks_enabled=0
	event_handler_enabled=1
	problem_has_been_acknowledged=0
	acknowledgement_type=0
	flap_detection_enabled=1
	failure_prediction_enabled=1
	process_performance_data=1
	obsess_over_service=1
	last_update=1488818922
	is_flapping=0
	percent_state_change=0.00
	scheduled_downtime_depth=0
	_SERVICE_ID=0;40452
	_CRITICALITY_LEVEL=0;
	_CRITICALITY_ID=0;
	}

servicestatus {
	host_name=fw-prod-nwavgma-01
	service_description=Network-em8-dev1_103341128_26_1128
	modified_attributes=0
	check_command=check_traffic_v3_assincrono!em8!80!90!u3fr0I87uh!m!100!100
	check_period=24x7
	notification_period=24x7
	check_interval=5.000000
	retry_interval=1.000000
	event_handler=
	has_been_checked=1
	should_be_scheduled=1
	check_execution_time=3.142
	check_latency=0.023
	check_type=0
	current_state=0
	last_hard_state=0
	last_event_id=0
	current_event_id=0
	current_problem_id=0
	last_problem_id=0
	current_attempt=1
	max_attempts=3
	state_type=1
	last_state_change=1488802273
	last_hard_state_change=1488802273
	last_time_ok=1488818624
	last_time_warning=0
	last_time_unknown=0
	last_time_critical=0
	plugin_output=Average IN: 0.5KBits/s (0.00%), Average OUT: 0.8KBits/s (0.00%)<br>Total RX: 85.79 MBytes, Total TX: 265.60 MBytes
	long_plugin_output=
	performance_data=inUsage=0.00%;80;90 outUsage=0.00%;80;90 inBandwidth=534,0Bits/s;0;100000000 outBandwidth=842,0Bits/s;0;100000000 linkDownload=100000000,0Bits/s;0;100000000 linkUpload=100000000,0Bits/s;0;100000000
	last_check=1488818624
	next_check=1488818924
	check_options=0
	current_notification_number=0
	current_notification_id=0
	last_notification=0
	next_notification=0
	no_more_notifications=0
	notifications_enabled=0
	active_checks_enabled=1
	passive_checks_enabled=0
	event_handler_enabled=1
	problem_has_been_acknowledged=0
	acknowledgement_type=0
	flap_detection_enabled=1
	failure_prediction_enabled=1
	process_performance_data=1
	obsess_over_service=1
	last_update=1488818922
	is_flapping=0
	percent_state_change=0.00
	scheduled_downtime_depth=0
	_SERVICE_ID=0;40453
	_CRITICALITY_LEVEL=0;
	_CRITICALITY_ID=0;
	}

servicestatus {
	host_name=fw-prod-nwavgma-01
	service_description=Network-em9-net1_192_168_0_2_24_4001
	modified_attributes=0
	check_command=check_traffic_v3_assincrono!em9!80!90!u3fr0I87uh!m!10!10
	check_period=24x7
	notification_period=24x7
	check_interval=5.000000
	retry_interval=1.000000
	event_handler=
	has_been_checked=1
	should_be_scheduled=1
	check_execution_time=3.146
	check_latency=0.212
	check_type=0
	current_state=0
	last_hard_state=0
	last_event_id=37
	current_event_id=38
	current_problem_id=0
	last_problem_id=18
	current_attempt=1
	max_attempts=3
	state_type=1
	last_state_change=1488817201
	last_hard_state_change=1488809821
	last_time_ok=1488818701
	last_time_warning=1488817141
	last_time_unknown=0
	last_time_critical=0
	plugin_output=Average IN: 109.7KBits/s (0.86%), Average OUT: 30KBits/s (0.23%)<br>Total RX: 3793.18 MBytes, Total TX: 3220.88 MBytes
	long_plugin_output=
	performance_data=inUsage=0.86%;80;90 outUsage=0.23%;80;90 inBandwidth=109723,0Bits/s;0;10000000 outBandwidth=30018,0Bits/s;0;10000000 linkDownload=10000000,0Bits/s;0;10000000 linkUpload=10000000,0Bits/s;0;10000000
	last_check=1488818701
	next_check=1488819001
	check_options=0
	current_notification_number=0
	current_notification_id=0
	last_notification=0
	next_notification=0
	no_more_notifications=0
	notifications_enabled=0
	active_checks_enabled=1
	passive_checks_enabled=0
	event_handler_enabled=1
	problem_has_been_acknowledged=0
	acknowledgement_type=0
	flap_detection_enabled=1
	failure_prediction_enabled=1
	process_performance_data=1
	obsess_over_service=1
	last_update=1488818922
	is_flapping=0
	percent_state_change=0.00
	scheduled_downtime_depth=0
	_SERVICE_ID=0;40454
	_CRITICALITY_LEVEL=0;
	_CRITICALITY_ID=0;
	}

servicestatus {
	host_name=fw-prod-nwavgma-01
	service_description=Network-ovpns1-Vpn
	modified_attributes=0
	check_command=check_traffic_v3_assincrono!ovpns1!80!90!u3fr0I87uh!m!100!100
	check_period=24x7
	notification_period=24x7
	check_interval=5.000000
	retry_interval=1.000000
	event_handler=
	has_been_checked=1
	should_be_scheduled=1
	check_execution_time=3.108
	check_latency=0.550
	check_type=0
	current_state=0
	last_hard_state=0
	last_event_id=0
	current_event_id=0
	current_problem_id=0
	last_problem_id=0
	current_attempt=1
	max_attempts=3
	state_type=1
	last_state_change=1488802127
	last_hard_state_change=1488802127
	last_time_ok=1488818778
	last_time_warning=0
	last_time_unknown=0
	last_time_critical=0
	plugin_output=Average IN: 0.6KBits/s (0.00%), Average OUT: 0.6KBits/s (0.00%)<br>Total RX: 1118.75 MBytes, Total TX: 1800.75 MBytes
	long_plugin_output=
	performance_data=inUsage=0.00%;80;90 outUsage=0.00%;80;90 inBandwidth=558,0Bits/s;0;100000000 outBandwidth=600,0Bits/s;0;100000000 linkDownload=100000000,0Bits/s;0;100000000 linkUpload=100000000,0Bits/s;0;100000000
	last_check=1488818778
	next_check=1488819078
	check_options=0
	current_notification_number=0
	current_notification_id=0
	last_notification=0
	next_notification=0
	no_more_notifications=0
	notifications_enabled=0
	active_checks_enabled=1
	passive_checks_enabled=0
	event_handler_enabled=1
	problem_has_been_acknowledged=0
	acknowledgement_type=0
	flap_detection_enabled=1
	failure_prediction_enabled=1
	process_performance_data=1
	obsess_over_service=1
	last_update=1488818922
	is_flapping=0
	percent_state_change=0.00
	scheduled_downtime_depth=0
	_SERVICE_ID=0;40456
	_CRITICALITY_LEVEL=0;
	_CRITICALITY_ID=0;
	}

servicestatus {
	host_name=fw-prod-nwavgma-01
	service_description=Numero_Processos
	modified_attributes=0
	check_command=check_snmp!u3fr0I87uh!1.3.6.1.2.1.25.1.6.0!process_number!1
	check_period=24x7
	notification_period=24x7
	check_interval=5.000000
	retry_interval=1.000000
	event_handler=
	has_been_checked=1
	should_be_scheduled=1
	check_execution_time=0.212
	check_latency=0.780
	check_type=0
	current_state=0
	last_hard_state=0
	last_event_id=0
	current_event_id=0
	current_problem_id=0
	last_problem_id=0
	current_attempt=1
	max_attempts=3
	state_type=1
	last_state_change=1488802204
	last_hard_state_change=1488802204
	last_time_ok=1488818855
	last_time_warning=0
	last_time_unknown=0
	last_time_critical=0
	plugin_output=SNMP OK - process_number 58
	long_plugin_output=
	performance_data=
	last_check=1488818855
	next_check=1488819155
	check_options=0
	current_notification_number=0
	current_notification_id=0
	last_notification=0
	next_notification=0
	no_more_notifications=0
	notifications_enabled=0
	active_checks_enabled=1
	passive_checks_enabled=0
	event_handler_enabled=1
	problem_has_been_acknowledged=0
	acknowledgement_type=0
	flap_detection_enabled=1
	failure_prediction_enabled=1
	process_performance_data=1
	obsess_over_service=1
	last_update=1488818922
	is_flapping=0
	percent_state_change=0.00
	scheduled_downtime_depth=0
	_SERVICE_ID=0;40443
	_CRITICALITY_LEVEL=0;
	_CRITICALITY_ID=0;
	}

servicestatus {
	host_name=fw-prod-nwavgma-01
	service_description=PFILTER_CORRESPONDENCIAS
	modified_attributes=0
	check_command=check_snmp!u3fr0I87uh!1.3.6.1.4.1.12325.1.200.1.2.1.0!pfilter_rmatches!1
	check_period=24x7
	notification_period=24x7
	check_interval=5.000000
	retry_interval=1.000000
	event_handler=
	has_been_checked=1
	should_be_scheduled=1
	check_execution_time=0.192
	check_latency=0.029
	check_type=0
	current_state=0
	last_hard_state=0
	last_event_id=0
	current_event_id=0
	current_problem_id=0
	last_problem_id=0
	current_attempt=1
	max_attempts=3
	state_type=1
	last_state_change=1488802280
	last_hard_state_change=1488802280
	last_time_ok=1488818631
	last_time_warning=0
	last_time_unknown=0
	last_time_critical=0
	plugin_output=SNMP OK - pfilter_rmatches 35778540
	long_plugin_output=
	performance_data=
	last_check=1488818631
	next_check=1488818931
	check_options=0
	current_notification_number=0
	current_notification_id=0
	last_notification=0
	next_notification=0
	no_more_notifications=0
	notifications_enabled=0
	active_checks_enabled=1
	passive_checks_enabled=0
	event_handler_enabled=1
	problem_has_been_acknowledged=0
	acknowledgement_type=0
	flap_detection_enabled=1
	failure_prediction_enabled=1
	process_performance_data=1
	obsess_over_service=1
	last_update=1488818922
	is_flapping=0
	percent_state_change=0.00
	scheduled_downtime_depth=0
	_SERVICE_ID=0;40444
	_CRITICALITY_LEVEL=0;
	_CRITICALITY_ID=0;
	}

servicestatus {
	host_name=fw-prod-nwavgma-01
	service_description=PFILTER_INSERSOES
	modified_attributes=0
	check_command=check_snmp!u3fr0I87uh!1.3.6.1.4.1.12325.1.200.1.3.3.0!pfilter_inserts_stats!1
	check_period=24x7
	notification_period=24x7
	check_interval=5.000000
	retry_interval=1.000000
	event_handler=
	has_been_checked=1
	should_be_scheduled=1
	check_execution_time=0.243
	check_latency=0.250
	check_type=0
	current_state=0
	last_hard_state=0
	last_event_id=0
	current_event_id=0
	current_problem_id=0
	last_problem_id=0
	current_attempt=1
	max_attempts=3
	state_type=1
	last_state_change=1488802057
	last_hard_state_change=1488802057
	last_time_ok=1488818708
	last_time_warning=0
	last_time_unknown=0
	last_time_critical=0
	plugin_output=SNMP OK - pfilter_inserts_stats 26162907
	long_plugin_output=
	performance_data=
	last_check=1488818708
	next_check=1488819008
	check_options=0
	current_notification_number=0
	current_notification_id=0
	last_notification=0
	next_notification=0
	no_more_notifications=0
	notifications_enabled=0
	active_checks_enabled=1
	passive_checks_enabled=0
	event_handler_enabled=1
	problem_has_been_acknowledged=0
	acknowledgement_type=0
	flap_detection_enabled=1
	failure_prediction_enabled=1
	process_performance_data=1
	obsess_over_service=1
	last_update=1488818922
	is_flapping=0
	percent_state_change=0.00
	scheduled_downtime_depth=0
	_SERVICE_ID=0;40445
	_CRITICALITY_LEVEL=0;
	_CRITICALITY_ID=0;
	}

servicestatus {
	host_name=fw-prod-nwavgma-01
	service_description=PFILTER_REMOVIDOS
	modified_attributes=0
	check_command=check_snmp!u3fr0I87uh!1.3.6.1.4.1.12325.1.200.1.3.4.0!pfilter_removal_stats!1
	check_period=24x7
	notification_period=24x7
	check_interval=5.000000
	retry_interval=1.000000
	event_handler=
	has_been_checked=1
	should_be_scheduled=1
	check_execution_time=0.218
	check_latency=0.570
	check_type=0
	current_state=0
	last_hard_state=0
	last_event_id=0
	current_event_id=0
	current_problem_id=0
	last_problem_id=0
	current_attempt=1
	max_attempts=3
	state_type=1
	last_state_change=1488802134
	last_hard_state_change=1488802134
	last_time_ok=1488818785
	last_time_warning=0
	last_time_unknown=0
	last_time_critical=0
	plugin_output=SNMP OK - pfilter_removal_stats 26161824
	long_plugin_output=
	performance_data=
	last_check=1488818785
	next_check=1488819085
	check_options=0
	current_notification_number=0
	current_notification_id=0
	last_notification=0
	next_notification=0
	no_more_notifications=0
	notifications_enabled=0
	active_checks_enabled=1
	passive_checks_enabled=0
	event_handler_enabled=1
	problem_has_been_acknowledged=0
	acknowledgement_type=0
	flap_detection_enabled=1
	failure_prediction_enabled=1
	process_performance_data=1
	obsess_over_service=1
	last_update=1488818922
	is_flapping=0
	percent_state_change=0.00
	scheduled_downtime_depth=0
	_SERVICE_ID=0;40446
	_CRITICALITY_LEVEL=0;
	_CRITICALITY_ID=0;
	}

servicestatus {
	host_name=fw-prod-nwavgma-01
	service_description=Usuarios
	modified_attributes=0
	check_command=check_snmp!u3fr0I87uh!1.3.6.1.2.1.25.1.5.0!usuarios!1
	check_period=24x7
	notification_period=24x7
	check_interval=5.000000
	retry_interval=1.000000
	event_handler=
	has_been_checked=1
	should_be_scheduled=1
	check_execution_time=0.188
	check_latency=0.846
	check_type=0
	current_state=0
	last_hard_state=0
	last_event_id=0
	current_event_id=0
	current_problem_id=0
	last_problem_id=0
	current_attempt=1
	max_attempts=3
	state_type=1
	last_state_change=1488802211
	last_hard_state_change=1488802211
	last_time_ok=1488818863
	last_time_warning=0
	last_time_unknown=0
	last_time_critical=0
	plugin_output=SNMP OK - usuarios 0
	long_plugin_output=
	performance_data=
	last_check=1488818863
	next_check=1488819163
	check_options=0
	current_notification_number=0
	current_notification_id=0
	last_notification=0
	next_notification=0
	no_more_notifications=0
	notifications_enabled=0
	active_checks_enabled=1
	passive_checks_enabled=0
	event_handler_enabled=1
	problem_has_been_acknowledged=0
	acknowledgement_type=0
	flap_detection_enabled=1
	failure_prediction_enabled=1
	process_performance_data=1
	obsess_over_service=1
	last_update=1488818922
	is_flapping=0
	percent_state_change=0.00
	scheduled_downtime_depth=0
	_SERVICE_ID=0;40447
	_CRITICALITY_LEVEL=0;
	_CRITICALITY_ID=0;
	}

contactstatus {
	contact_name=Adonis_Garces
	modified_attributes=0
	modified_host_attributes=0
	modified_service_attributes=0
	host_notification_period=workhours
	service_notification_period=workhours
	last_host_notification=0
	last_service_notification=0
	host_notifications_enabled=0
	service_notifications_enabled=0
	}

contactstatus {
	contact_name=Aelson_Guerra_Jr.
	modified_attributes=0
	modified_host_attributes=0
	modified_service_attributes=0
	host_notification_period=workhours
	service_notification_period=workhours
	last_host_notification=0
	last_service_notification=0
	host_notifications_enabled=1
	service_notifications_enabled=1
	}

contactstatus {
	contact_name=Alan_Dutra
	modified_attributes=0
	modified_host_attributes=0
	modified_service_attributes=0
	host_notification_period=
	service_notification_period=
	last_host_notification=0
	last_service_notification=0
	host_notifications_enabled=0
	service_notifications_enabled=0
	}

contactstatus {
	contact_name=Antonio_Carlos
	modified_attributes=0
	modified_host_attributes=0
	modified_service_attributes=0
	host_notification_period=workhours
	service_notification_period=workhours
	last_host_notification=0
	last_service_notification=0
	host_notifications_enabled=1
	service_notifications_enabled=1
	}

contactstatus {
	contact_name=Clapi_Backup_DropBox
	modified_attributes=0
	modified_host_attributes=0
	modified_service_attributes=0
	host_notification_period=workhours
	service_notification_period=workhours
	last_host_notification=0
	last_service_notification=0
	host_notifications_enabled=1
	service_notifications_enabled=1
	}

contactstatus {
	contact_name=Fabio_Henrique
	modified_attributes=0
	modified_host_attributes=0
	modified_service_attributes=0
	host_notification_period=24x7
	service_notification_period=24x7
	last_host_notification=0
	last_service_notification=0
	host_notifications_enabled=1
	service_notifications_enabled=1
	}

contactstatus {
	contact_name=Gemayel_Lira2
	modified_attributes=0
	modified_host_attributes=0
	modified_service_attributes=0
	host_notification_period=24x7
	service_notification_period=24x7
	last_host_notification=0
	last_service_notification=0
	host_notifications_enabled=1
	service_notifications_enabled=1
	}

contactstatus {
	contact_name=Joao_Carlos
	modified_attributes=0
	modified_host_attributes=0
	modified_service_attributes=0
	host_notification_period=
	service_notification_period=
	last_host_notification=0
	last_service_notification=0
	host_notifications_enabled=1
	service_notifications_enabled=1
	}

contactstatus {
	contact_name=Josimar_Numes
	modified_attributes=0
	modified_host_attributes=0
	modified_service_attributes=0
	host_notification_period=
	service_notification_period=
	last_host_notification=0
	last_service_notification=0
	host_notifications_enabled=0
	service_notifications_enabled=0
	}

contactstatus {
	contact_name=Junior_Alvin
	modified_attributes=0
	modified_host_attributes=0
	modified_service_attributes=0
	host_notification_period=workhours
	service_notification_period=workhours
	last_host_notification=0
	last_service_notification=0
	host_notifications_enabled=1
	service_notifications_enabled=1
	}

contactstatus {
	contact_name=Marcelo
	modified_attributes=0
	modified_host_attributes=0
	modified_service_attributes=0
	host_notification_period=workhours
	service_notification_period=workhours
	last_host_notification=0
	last_service_notification=0
	host_notifications_enabled=1
	service_notifications_enabled=1
	}

contactstatus {
	contact_name=Marcelo_Bene_WorldTec
	modified_attributes=0
	modified_host_attributes=0
	modified_service_attributes=0
	host_notification_period=
	service_notification_period=
	last_host_notification=0
	last_service_notification=0
	host_notifications_enabled=0
	service_notifications_enabled=0
	}

contactstatus {
	contact_name=Thiago_Silveira
	modified_attributes=0
	modified_host_attributes=0
	modified_service_attributes=0
	host_notification_period=24x7
	service_notification_period=24x7
	last_host_notification=0
	last_service_notification=0
	host_notifications_enabled=1
	service_notifications_enabled=1
	}

contactstatus {
	contact_name=Willian_Pavoni
	modified_attributes=0
	modified_host_attributes=0
	modified_service_attributes=0
	host_notification_period=workhours
	service_notification_period=workhours
	last_host_notification=0
	last_service_notification=0
	host_notifications_enabled=1
	service_notifications_enabled=1
	}

contactstatus {
	contact_name=admin
	modified_attributes=0
	modified_host_attributes=0
	modified_service_attributes=0
	host_notification_period=workhours
	service_notification_period=workhours
	last_host_notification=0
	last_service_notification=0
	host_notifications_enabled=1
	service_notifications_enabled=1
	}

contactstatus {
	contact_name=admin2
	modified_attributes=0
	modified_host_attributes=0
	modified_service_attributes=0
	host_notification_period=workhours
	service_notification_period=workhours
	last_host_notification=0
	last_service_notification=0
	host_notifications_enabled=1
	service_notifications_enabled=1
	}

contactstatus {
	contact_name=aelson
	modified_attributes=0
	modified_host_attributes=0
	modified_service_attributes=0
	host_notification_period=workhours
	service_notification_period=workhours
	last_host_notification=0
	last_service_notification=0
	host_notifications_enabled=1
	service_notifications_enabled=1
	}

contactstatus {
	contact_name=alvin
	modified_attributes=0
	modified_host_attributes=0
	modified_service_attributes=0
	host_notification_period=workhours
	service_notification_period=workhours
	last_host_notification=0
	last_service_notification=0
	host_notifications_enabled=1
	service_notifications_enabled=1
	}

contactstatus {
	contact_name=diego
	modified_attributes=0
	modified_host_attributes=0
	modified_service_attributes=0
	host_notification_period=workhours
	service_notification_period=workhours
	last_host_notification=0
	last_service_notification=0
	host_notifications_enabled=1
	service_notifications_enabled=1
	}

contactstatus {
	contact_name=fabiano.oliveira
	modified_attributes=0
	modified_host_attributes=0
	modified_service_attributes=0
	host_notification_period=workhours
	service_notification_period=workhours
	last_host_notification=0
	last_service_notification=0
	host_notifications_enabled=0
	service_notifications_enabled=0
	}

contactstatus {
	contact_name=fabio
	modified_attributes=0
	modified_host_attributes=0
	modified_service_attributes=0
	host_notification_period=workhours
	service_notification_period=workhours
	last_host_notification=0
	last_service_notification=0
	host_notifications_enabled=1
	service_notifications_enabled=1
	}

contactstatus {
	contact_name=francisco.costa
	modified_attributes=0
	modified_host_attributes=0
	modified_service_attributes=0
	host_notification_period=workhours
	service_notification_period=workhours
	last_host_notification=0
	last_service_notification=0
	host_notifications_enabled=0
	service_notifications_enabled=0
	}

contactstatus {
	contact_name=gemayel_lira
	modified_attributes=0
	modified_host_attributes=0
	modified_service_attributes=0
	host_notification_period=24x7
	service_notification_period=24x7
	last_host_notification=0
	last_service_notification=0
	host_notifications_enabled=1
	service_notifications_enabled=1
	}

contactstatus {
	contact_name=meta_contact
	modified_attributes=0
	modified_host_attributes=0
	modified_service_attributes=0
	host_notification_period=meta_timeperiod
	service_notification_period=meta_timeperiod
	last_host_notification=0
	last_service_notification=0
	host_notifications_enabled=1
	service_notifications_enabled=1
	}

contactstatus {
	contact_name=willian.pavoni
	modified_attributes=0
	modified_host_attributes=0
	modified_service_attributes=0
	host_notification_period=workhours
	service_notification_period=workhours
	last_host_notification=0
	last_service_notification=0
	host_notifications_enabled=1
	service_notifications_enabled=1
	}

